[20:23:33.870][info] [#0:/home/ljc/.local/share/nvim/mason/packages/lua-language-server/libexec/main.lua:68]: Lua Lsp startup, root: 	/home/ljc/.local/share/nvim/mason/packages/lua-language-server/libexec
[20:23:33.870][info] [#0:/home/ljc/.local/share/nvim/mason/packages/lua-language-server/libexec/main.lua:69]: ROOT:	/home/ljc/.local/share/nvim/mason/packages/lua-language-server/libexec
[20:23:33.870][info] [#0:/home/ljc/.local/share/nvim/mason/packages/lua-language-server/libexec/main.lua:70]: LOGPATH:	/home/ljc/.local/share/nvim/mason/packages/lua-language-server/libexec/log
[20:23:33.870][info] [#0:/home/ljc/.local/share/nvim/mason/packages/lua-language-server/libexec/main.lua:71]: METAPATH:	/home/ljc/.local/share/nvim/mason/packages/lua-language-server/libexec/meta
[20:23:33.870][info] [#0:/home/ljc/.local/share/nvim/mason/packages/lua-language-server/libexec/main.lua:72]: VERSION:	3.13.9
[20:23:33.889][info] [#0:script/proto/proto.lua:260]: Listen Mode: stdio
[20:23:33.889][info] [#0:script/service/service.lua:145]: 
========= Medical Examination Report =========
    --------------- Memory ---------------
        Total: 2.257 MB
        # 00 : 2.257 MB
        # 01 : 0.000 MB
        # 02 : 0.000 MB
        # 03 : 0.000 MB
        # 04 : 0.000 MB
    --------------- Coroutine ---------------
        Total:     0
        Running:   0
        Suspended: 0
        Normal:    0
        Dead:      0
    --------------- Cache ---------------
        Total: 1
        Dead:  0
    ---------------  RPC  ---------------
        Holdon:   0
        Waiting:  0
==============================================
[20:23:34.095][info] [#0:script/client.lua:657]: Client init	{
  capabilities = {
    general = {
      positionEncodings = { "utf-8", "utf-16", "utf-32" }
    },
    textDocument = {
      callHierarchy = {
        dynamicRegistration = false
      },
      codeAction = {
        codeActionLiteralSupport = {
          codeActionKind = {
            valueSet = { "", "quickfix", "refactor", "refactor.extract", "refactor.inline", "refactor.rewrite", "source", "source.organizeImports" }
          }
        },
        dataSupport = true,
        dynamicRegistration = true,
        isPreferredSupport = true,
        resolveSupport = {
          properties = { "edit", "command" }
        }
      },
      codeLens = {
        dynamicRegistration = false,
        resolveSupport = {
          properties = { "command" }
        }
      },
      completion = {
        completionItem = {
          commitCharactersSupport = false,
          deprecatedSupport = true,
          documentationFormat = { "markdown", "plaintext" },
          preselectSupport = false,
          resolveSupport = {
            properties = { "additionalTextEdits", "command" }
          },
          snippetSupport = true,
          tagSupport = {
            valueSet = { 1 }
          }
        },
        completionItemKind = {
          valueSet = { 1, 2, 3, 4, 5, 6, 7, 8, 9, 10, 11, 12, 13, 14, 15, 16, 17, 18, 19, 20, 21, 22, 23, 24, 25 }
        },
        completionList = {
          itemDefaults = { "editRange", "insertTextFormat", "insertTextMode", "data" }
        },
        contextSupport = true,
        dynamicRegistration = false
      },
      declaration = {
        linkSupport = true
      },
      definition = {
        dynamicRegistration = true,
        linkSupport = true
      },
      diagnostic = {
        dynamicRegistration = false
      },
      documentHighlight = {
        dynamicRegistration = false
      },
      documentSymbol = {
        dynamicRegistration = false,
        hierarchicalDocumentSymbolSupport = true,
        symbolKind = {
          valueSet = { 1, 2, 3, 4, 5, 6, 7, 8, 9, 10, 11, 12, 13, 14, 15, 16, 17, 18, 19, 20, 21, 22, 23, 24, 25, 26 }
        }
      },
      foldingRange = {
        dynamicRegistration = false,
        foldingRange = {
          collapsedText = true
        },
        lineFoldingOnly = true
      },
      formatting = {
        dynamicRegistration = true
      },
      hover = {
        contentFormat = { "markdown", "plaintext" },
        dynamicRegistration = true
      },
      implementation = {
        linkSupport = true
      },
      inlayHint = {
        dynamicRegistration = true,
        resolveSupport = {
          properties = { "textEdits", "tooltip", "location", "command" }
        }
      },
      publishDiagnostics = {
        dataSupport = true,
        relatedInformation = true,
        tagSupport = {
          valueSet = { 1, 2 }
        }
      },
      rangeFormatting = {
        dynamicRegistration = true,
        rangesSupport = true
      },
      references = {
        dynamicRegistration = false
      },
      rename = {
        dynamicRegistration = true,
        prepareSupport = true
      },
      semanticTokens = {
        augmentsSyntaxTokens = true,
        dynamicRegistration = false,
        formats = { "relative" },
        multilineTokenSupport = false,
        overlappingTokenSupport = true,
        requests = {
          full = {
            delta = true
          },
          range = false
        },
        serverCancelSupport = false,
        tokenModifiers = { "declaration", "definition", "readonly", "static", "deprecated", "abstract", "async", "modification", "documentation", "defaultLibrary" },
        tokenTypes = { "namespace", "type", "class", "enum", "interface", "struct", "typeParameter", "parameter", "variable", "property", "enumMember", "event", "function", "method", "macro", "keyword", "modifier", "comment", "string", "number", "regexp", "operator", "decorator" }
      },
      signatureHelp = {
        dynamicRegistration = false,
        signatureInformation = {
          activeParameterSupport = true,
          documentationFormat = { "markdown", "plaintext" },
          parameterInformation = {
            labelOffsetSupport = true
          }
        }
      },
      synchronization = {
        didSave = true,
        dynamicRegistration = false,
        willSave = true,
        willSaveWaitUntil = true
      },
      typeDefinition = {
        linkSupport = true
      }
    },
    window = {
      showDocument = {
        support = true
      },
      showMessage = {
        messageActionItem = {
          additionalPropertiesSupport = true
        }
      },
      workDoneProgress = true
    },
    workspace = {
      applyEdit = true,
      configuration = true,
      didChangeConfiguration = {
        dynamicRegistration = false
      },
      didChangeWatchedFiles = {
        dynamicRegistration = false,
        relativePatternSupport = true
      },
      inlayHint = {
        refreshSupport = true
      },
      semanticTokens = {
        refreshSupport = true
      },
      symbol = {
        dynamicRegistration = false,
        symbolKind = {
          valueSet = { 1, 2, 3, 4, 5, 6, 7, 8, 9, 10, 11, 12, 13, 14, 15, 16, 17, 18, 19, 20, 21, 22, 23, 24, 25, 26 }
        }
      },
      workspaceEdit = {
        resourceOperations = { "rename", "create", "delete" }
      },
      workspaceFolders = true
    }
  },
  clientInfo = {
    name = "Neovim",
    version = "0.11.0+ga99c469e54"
  },
  initializationOptions = {},
  processId = 86646,
  rootPath = "/home/ljc/.config/nvim",
  rootUri = "file:///home/ljc/.config/nvim",
  trace = "off",
  workDoneToken = "1",
  workspaceFolders = { {
      name = "/home/ljc/.config/nvim",
      uri = "file:///home/ljc/.config/nvim"
    } }
}
[20:23:34.095][info] [#0:script/language.lua:137]: VSC language: nil
[20:23:34.095][info] [#0:script/language.lua:138]: LS  language: en-us
[20:23:34.095][info] [#0:script/workspace/workspace.lua:38]: Workspace init root: 	file:///home/ljc/.config/nvim
[20:23:34.095][info] [#0:script/workspace/workspace.lua:42]: Log path: 	/home/ljc/.local/share/nvim/mason/packages/lua-language-server/libexec/log/file_home_ljc_.config_nvim.log
[20:23:34.096][info] [#0:script/workspace/workspace.lua:48]: Workspace create: 	file:///home/ljc/.config/nvim
[20:23:34.402][info] [#0:script/provider/provider.lua:49]: Load config from client	file:///home/ljc/.config/nvim
[20:23:34.403][info] [#0:script/provider/provider.lua:50]: {
  Lua = {
    diagnostics = {
      disable = { "lowercase-global" },
      globals = { "vim" }
    },
    runtime = {
      version = "LuaJIT"
    },
    telemetry = {
      enable = false
    },
    workspace = {
      checkThirdParty = false,
      ignoreDir = { ".git", "node_modules", "lib", "meta", "Nvim-lua-4.4", "build", ".cache" },
      library = false,
      maxPreload = 5000,
      preloadFileSize = 500,
      propmt = false
    }
  }
}
[20:23:34.403][info] [#0:script/provider/provider.lua:49]: Load config from client	file:///home/ljc/.config/nvim
[20:23:34.403][info] [#0:script/provider/provider.lua:50]: {
  Lua = {
    diagnostics = {
      disable = { "lowercase-global" },
      globals = { "vim" }
    },
    runtime = {
      version = "LuaJIT"
    },
    telemetry = {
      enable = false
    },
    workspace = {
      checkThirdParty = false,
      ignoreDir = { ".git", "node_modules", "lib", "meta", "Nvim-lua-4.4", "build", ".cache" },
      library = false,
      maxPreload = 5000,
      preloadFileSize = 500,
      propmt = false
    }
  }
}
[20:23:34.505][info] [#0:script/provider/provider.lua:65]: Load config from client	fallback
[20:23:34.505][info] [#0:script/provider/provider.lua:66]: {
  Lua = {
    diagnostics = {
      disable = { "lowercase-global" },
      globals = { "vim" }
    },
    runtime = {
      version = "LuaJIT"
    },
    telemetry = {
      enable = false
    },
    workspace = {
      checkThirdParty = false,
      ignoreDir = { ".git", "node_modules", "lib", "meta", "Nvim-lua-4.4", "build", ".cache" },
      library = false,
      maxPreload = 5000,
      preloadFileSize = 500,
      propmt = false
    }
  }
}
[20:23:34.505][info] [#0:script/provider/provider.lua:65]: Load config from client	fallback
[20:23:34.505][info] [#0:script/provider/provider.lua:66]: {
  Lua = {
    diagnostics = {
      disable = { "lowercase-global" },
      globals = { "vim" }
    },
    runtime = {
      version = "LuaJIT"
    },
    telemetry = {
      enable = false
    },
    workspace = {
      checkThirdParty = false,
      ignoreDir = { ".git", "node_modules", "lib", "meta", "Nvim-lua-4.4", "build", ".cache" },
      library = false,
      maxPreload = 5000,
      preloadFileSize = 500,
      propmt = false
    }
  }
}
[20:23:34.619][info] [#0:script/library.lua:212]: Init builtin library at:	file:///home/ljc/.config/nvim
[20:23:34.629][info] [#0:script/library.lua:212]: Init builtin library at:	nil
[20:23:34.737][info] [#0:script/workspace/workspace.lua:324]: Preload start:	file:///home/ljc/.config/nvim
[20:23:34.742][info] [#0:script/workspace/workspace.lua:330]: Scan files at:	file:///home/ljc/.config/nvim
[20:23:34.742][info] [#0:script/workspace/workspace.lua:324]: Preload start:	<fallback>
[20:23:34.745][info] [#0:script/workspace/workspace.lua:353]: Scan library at:	file:///home/ljc/.local/share/nvim/mason/packages/lua-language-server/libexec/meta/LuaJIT%20en-us%20utf8/jit/profile.lua
[20:23:34.745][info] [#0:script/workspace/workspace.lua:353]: Scan library at:	file:///home/ljc/.local/share/nvim/mason/packages/lua-language-server/libexec/meta/LuaJIT%20en-us%20utf8/table/clear.lua
[20:23:34.747][info] [#0:script/workspace/workspace.lua:353]: Scan library at:	file:///home/ljc/.local/share/nvim/mason/packages/lua-language-server/libexec/meta/LuaJIT%20en-us%20utf8/table/new.lua
[20:23:34.749][info] [#0:script/workspace/workspace.lua:353]: Scan library at:	file:///home/ljc/.local/share/nvim/mason/packages/lua-language-server/libexec/meta/LuaJIT%20en-us%20utf8/math.lua
[20:23:34.751][info] [#0:script/workspace/workspace.lua:353]: Scan library at:	file:///home/ljc/.local/share/nvim/mason/packages/lua-language-server/libexec/meta/LuaJIT%20en-us%20utf8/bit.lua
[20:23:34.753][info] [#0:script/workspace/workspace.lua:353]: Scan library at:	file:///home/ljc/.local/share/nvim/mason/packages/lua-language-server/libexec/meta/LuaJIT%20en-us%20utf8/string.lua
[20:23:34.755][info] [#0:script/workspace/workspace.lua:353]: Scan library at:	file:///home/ljc/.local/share/nvim/mason/packages/lua-language-server/libexec/meta/LuaJIT%20en-us%20utf8/builtin.lua
[20:23:34.757][info] [#0:script/workspace/workspace.lua:353]: Scan library at:	file:///home/ljc/.local/share/nvim/mason/packages/lua-language-server/libexec/meta/LuaJIT%20en-us%20utf8/coroutine.lua
[20:23:34.759][info] [#0:script/workspace/workspace.lua:353]: Scan library at:	file:///home/ljc/.local/share/nvim/mason/packages/lua-language-server/libexec/meta/LuaJIT%20en-us%20utf8/ffi.lua
[20:23:34.761][info] [#0:script/workspace/workspace.lua:353]: Scan library at:	file:///home/ljc/.local/share/nvim/mason/packages/lua-language-server/libexec/meta/LuaJIT%20en-us%20utf8/jit.lua
[20:23:34.763][info] [#0:script/workspace/workspace.lua:353]: Scan library at:	file:///home/ljc/.local/share/nvim/mason/packages/lua-language-server/libexec/meta/LuaJIT%20en-us%20utf8/jit/util.lua
[20:23:34.765][info] [#0:script/workspace/workspace.lua:353]: Scan library at:	file:///home/ljc/.local/share/nvim/mason/packages/lua-language-server/libexec/meta/LuaJIT%20en-us%20utf8/debug.lua
[20:23:34.767][info] [#0:script/workspace/workspace.lua:353]: Scan library at:	file:///home/ljc/.local/share/nvim/mason/packages/lua-language-server/libexec/meta/LuaJIT%20en-us%20utf8/string/buffer.lua
[20:23:34.769][info] [#0:script/workspace/workspace.lua:353]: Scan library at:	file:///home/ljc/.local/share/nvim/mason/packages/lua-language-server/libexec/meta/LuaJIT%20en-us%20utf8/basic.lua
[20:23:34.769][info] [#0:script/workspace/workspace.lua:353]: Scan library at:	file:///home/ljc/.local/share/nvim/mason/packages/lua-language-server/libexec/meta/LuaJIT%20en-us%20utf8/io.lua
[20:23:34.772][info] [#0:script/workspace/workspace.lua:353]: Scan library at:	file:///home/ljc/.local/share/nvim/mason/packages/lua-language-server/libexec/meta/LuaJIT%20en-us%20utf8/package.lua
[20:23:34.774][info] [#0:script/workspace/workspace.lua:353]: Scan library at:	file:///home/ljc/.local/share/nvim/mason/packages/lua-language-server/libexec/meta/LuaJIT%20en-us%20utf8/os.lua
[20:23:34.776][info] [#0:script/workspace/workspace.lua:353]: Scan library at:	file:///home/ljc/.local/share/nvim/mason/packages/lua-language-server/libexec/meta/LuaJIT%20en-us%20utf8/table.lua
[20:23:34.780][info] [#0:script/workspace/workspace.lua:353]: Scan library at:	file:///home/ljc/.local/share/nvim/mason/packages/lua-language-server/libexec/meta/LuaJIT%20en-us%20utf8/jit/profile.lua
[20:23:34.781][info] [#0:script/workspace/workspace.lua:353]: Scan library at:	file:///home/ljc/.local/share/nvim/mason/packages/lua-language-server/libexec/meta/LuaJIT%20en-us%20utf8/table/clear.lua
[20:23:34.781][info] [#0:script/workspace/workspace.lua:353]: Scan library at:	file:///home/ljc/.local/share/nvim/mason/packages/lua-language-server/libexec/meta/LuaJIT%20en-us%20utf8/table/new.lua
[20:23:34.782][info] [#0:script/workspace/workspace.lua:353]: Scan library at:	file:///home/ljc/.local/share/nvim/mason/packages/lua-language-server/libexec/meta/LuaJIT%20en-us%20utf8/math.lua
[20:23:34.782][info] [#0:script/workspace/workspace.lua:353]: Scan library at:	file:///home/ljc/.local/share/nvim/mason/packages/lua-language-server/libexec/meta/LuaJIT%20en-us%20utf8/bit.lua
[20:23:34.783][info] [#0:script/workspace/workspace.lua:353]: Scan library at:	file:///home/ljc/.local/share/nvim/mason/packages/lua-language-server/libexec/meta/LuaJIT%20en-us%20utf8/string.lua
[20:23:34.784][info] [#0:script/workspace/workspace.lua:353]: Scan library at:	file:///home/ljc/.local/share/nvim/mason/packages/lua-language-server/libexec/meta/LuaJIT%20en-us%20utf8/builtin.lua
[20:23:34.785][info] [#0:script/workspace/workspace.lua:353]: Scan library at:	file:///home/ljc/.local/share/nvim/mason/packages/lua-language-server/libexec/meta/LuaJIT%20en-us%20utf8/coroutine.lua
[20:23:34.786][info] [#0:script/workspace/workspace.lua:353]: Scan library at:	file:///home/ljc/.local/share/nvim/mason/packages/lua-language-server/libexec/meta/LuaJIT%20en-us%20utf8/ffi.lua
[20:23:34.787][info] [#0:script/workspace/workspace.lua:353]: Scan library at:	file:///home/ljc/.local/share/nvim/mason/packages/lua-language-server/libexec/meta/LuaJIT%20en-us%20utf8/jit.lua
[20:23:34.788][info] [#0:script/workspace/workspace.lua:353]: Scan library at:	file:///home/ljc/.local/share/nvim/mason/packages/lua-language-server/libexec/meta/LuaJIT%20en-us%20utf8/jit/util.lua
[20:23:34.789][info] [#0:script/workspace/workspace.lua:353]: Scan library at:	file:///home/ljc/.local/share/nvim/mason/packages/lua-language-server/libexec/meta/LuaJIT%20en-us%20utf8/debug.lua
[20:23:34.790][info] [#0:script/workspace/workspace.lua:353]: Scan library at:	file:///home/ljc/.local/share/nvim/mason/packages/lua-language-server/libexec/meta/LuaJIT%20en-us%20utf8/string/buffer.lua
[20:23:34.791][info] [#0:script/workspace/workspace.lua:353]: Scan library at:	file:///home/ljc/.local/share/nvim/mason/packages/lua-language-server/libexec/meta/LuaJIT%20en-us%20utf8/basic.lua
[20:23:34.792][info] [#0:script/workspace/workspace.lua:353]: Scan library at:	file:///home/ljc/.local/share/nvim/mason/packages/lua-language-server/libexec/meta/LuaJIT%20en-us%20utf8/io.lua
[20:23:34.793][info] [#0:script/workspace/workspace.lua:353]: Scan library at:	file:///home/ljc/.local/share/nvim/mason/packages/lua-language-server/libexec/meta/LuaJIT%20en-us%20utf8/package.lua
[20:23:34.794][info] [#0:script/workspace/workspace.lua:353]: Scan library at:	file:///home/ljc/.local/share/nvim/mason/packages/lua-language-server/libexec/meta/LuaJIT%20en-us%20utf8/os.lua
[20:23:34.795][info] [#0:script/workspace/workspace.lua:353]: Scan library at:	file:///home/ljc/.local/share/nvim/mason/packages/lua-language-server/libexec/meta/LuaJIT%20en-us%20utf8/table.lua
[20:23:34.898][info] [#0:script/workspace/workspace.lua:379]: Found 18 files at:	<fallback>
[20:23:34.898][info] [#0:script/workspace/loading.lua:160]: Load files from disk:	<fallback>
[20:23:34.899][info] [#0:script/workspace/workspace.lua:379]: Found 37 files at:	file:///home/ljc/.config/nvim
[20:23:34.899][info] [#0:script/workspace/loading.lua:160]: Load files from disk:	file:///home/ljc/.config/nvim
[20:23:34.899][info] [#0:script/workspace/loading.lua:100]: Preload file at: file:///home/ljc/.local/share/nvim/mason/packages/lua-language-server/libexec/meta/LuaJIT%20en-us%20utf8/table.lua , size = 4.445 KB
[20:23:34.901][info] [#0:script/workspace/loading.lua:112]: ++++As library of:	file:///home/ljc/.local/share/nvim/mason/packages/lua-language-server/libexec/meta/LuaJIT%20en-us%20utf8/table.lua
[20:23:34.901][info] [#0:script/workspace/loading.lua:97]: Skip loaded file: file:///home/ljc/.local/share/nvim/mason/packages/lua-language-server/libexec/meta/LuaJIT%20en-us%20utf8/table.lua
[20:23:34.903][info] [#0:script/workspace/loading.lua:100]: Preload file at: file:///home/ljc/.local/share/nvim/mason/packages/lua-language-server/libexec/meta/LuaJIT%20en-us%20utf8/os.lua , size = 5.611 KB
[20:23:34.906][info] [#0:script/workspace/loading.lua:112]: ++++As library of:	file:///home/ljc/.local/share/nvim/mason/packages/lua-language-server/libexec/meta/LuaJIT%20en-us%20utf8/os.lua
[20:23:34.906][info] [#0:script/workspace/loading.lua:88]: Skip loaded file: file:///home/ljc/.local/share/nvim/mason/packages/lua-language-server/libexec/meta/LuaJIT%20en-us%20utf8/os.lua
[20:23:34.906][info] [#0:script/workspace/loading.lua:112]: ++++As library of:	file:///home/ljc/.local/share/nvim/mason/packages/lua-language-server/libexec/meta/LuaJIT%20en-us%20utf8/os.lua
[20:23:34.908][info] [#0:script/workspace/loading.lua:100]: Preload file at: file:///home/ljc/.local/share/nvim/mason/packages/lua-language-server/libexec/meta/LuaJIT%20en-us%20utf8/package.lua , size = 2.699 KB
[20:23:34.909][info] [#0:script/workspace/loading.lua:112]: ++++As library of:	file:///home/ljc/.local/share/nvim/mason/packages/lua-language-server/libexec/meta/LuaJIT%20en-us%20utf8/package.lua
[20:23:34.909][info] [#0:script/workspace/loading.lua:88]: Skip loaded file: file:///home/ljc/.local/share/nvim/mason/packages/lua-language-server/libexec/meta/LuaJIT%20en-us%20utf8/package.lua
[20:23:34.909][info] [#0:script/workspace/loading.lua:112]: ++++As library of:	file:///home/ljc/.local/share/nvim/mason/packages/lua-language-server/libexec/meta/LuaJIT%20en-us%20utf8/package.lua
[20:23:34.911][info] [#0:script/workspace/loading.lua:100]: Preload file at: file:///home/ljc/.local/share/nvim/mason/packages/lua-language-server/libexec/meta/LuaJIT%20en-us%20utf8/io.lua , size = 6.364 KB
[20:23:34.913][info] [#0:script/workspace/loading.lua:112]: ++++As library of:	file:///home/ljc/.local/share/nvim/mason/packages/lua-language-server/libexec/meta/LuaJIT%20en-us%20utf8/io.lua
[20:23:34.913][info] [#0:script/workspace/loading.lua:88]: Skip loaded file: file:///home/ljc/.local/share/nvim/mason/packages/lua-language-server/libexec/meta/LuaJIT%20en-us%20utf8/io.lua
[20:23:34.913][info] [#0:script/workspace/loading.lua:112]: ++++As library of:	file:///home/ljc/.local/share/nvim/mason/packages/lua-language-server/libexec/meta/LuaJIT%20en-us%20utf8/io.lua
[20:23:34.915][info] [#0:script/workspace/loading.lua:100]: Preload file at: file:///home/ljc/.local/share/nvim/mason/packages/lua-language-server/libexec/meta/LuaJIT%20en-us%20utf8/basic.lua , size = 15.443 KB
[20:23:34.922][info] [#0:script/workspace/loading.lua:112]: ++++As library of:	file:///home/ljc/.local/share/nvim/mason/packages/lua-language-server/libexec/meta/LuaJIT%20en-us%20utf8/basic.lua
[20:23:34.922][info] [#0:script/workspace/loading.lua:88]: Skip loaded file: file:///home/ljc/.local/share/nvim/mason/packages/lua-language-server/libexec/meta/LuaJIT%20en-us%20utf8/basic.lua
[20:23:34.922][info] [#0:script/workspace/loading.lua:112]: ++++As library of:	file:///home/ljc/.local/share/nvim/mason/packages/lua-language-server/libexec/meta/LuaJIT%20en-us%20utf8/basic.lua
[20:23:34.922][info] [#0:script/workspace/loading.lua:100]: Preload file at: file:///home/ljc/.local/share/nvim/mason/packages/lua-language-server/libexec/meta/LuaJIT%20en-us%20utf8/string/buffer.lua , size = 18.123 KB
[20:23:34.925][info] [#0:script/workspace/loading.lua:112]: ++++As library of:	file:///home/ljc/.local/share/nvim/mason/packages/lua-language-server/libexec/meta/LuaJIT%20en-us%20utf8/string/buffer.lua
[20:23:34.925][info] [#0:script/workspace/loading.lua:88]: Skip loaded file: file:///home/ljc/.local/share/nvim/mason/packages/lua-language-server/libexec/meta/LuaJIT%20en-us%20utf8/string/buffer.lua
[20:23:34.925][info] [#0:script/workspace/loading.lua:112]: ++++As library of:	file:///home/ljc/.local/share/nvim/mason/packages/lua-language-server/libexec/meta/LuaJIT%20en-us%20utf8/string/buffer.lua
[20:23:34.927][info] [#0:script/workspace/loading.lua:100]: Preload file at: file:///home/ljc/.local/share/nvim/mason/packages/lua-language-server/libexec/meta/LuaJIT%20en-us%20utf8/debug.lua , size = 7.310 KB
[20:23:34.930][info] [#0:script/workspace/loading.lua:112]: ++++As library of:	file:///home/ljc/.local/share/nvim/mason/packages/lua-language-server/libexec/meta/LuaJIT%20en-us%20utf8/debug.lua
[20:23:34.930][info] [#0:script/workspace/loading.lua:88]: Skip loaded file: file:///home/ljc/.local/share/nvim/mason/packages/lua-language-server/libexec/meta/LuaJIT%20en-us%20utf8/debug.lua
[20:23:34.930][info] [#0:script/workspace/loading.lua:112]: ++++As library of:	file:///home/ljc/.local/share/nvim/mason/packages/lua-language-server/libexec/meta/LuaJIT%20en-us%20utf8/debug.lua
[20:23:34.931][info] [#0:script/workspace/loading.lua:100]: Preload file at: file:///home/ljc/.local/share/nvim/mason/packages/lua-language-server/libexec/meta/LuaJIT%20en-us%20utf8/jit/util.lua , size = 1.984 KB
[20:23:34.932][info] [#0:script/workspace/loading.lua:112]: ++++As library of:	file:///home/ljc/.local/share/nvim/mason/packages/lua-language-server/libexec/meta/LuaJIT%20en-us%20utf8/jit/util.lua
[20:23:34.932][info] [#0:script/workspace/loading.lua:88]: Skip loaded file: file:///home/ljc/.local/share/nvim/mason/packages/lua-language-server/libexec/meta/LuaJIT%20en-us%20utf8/jit/util.lua
[20:23:34.932][info] [#0:script/workspace/loading.lua:112]: ++++As library of:	file:///home/ljc/.local/share/nvim/mason/packages/lua-language-server/libexec/meta/LuaJIT%20en-us%20utf8/jit/util.lua
[20:23:34.934][info] [#0:script/workspace/loading.lua:100]: Preload file at: file:///home/ljc/.local/share/nvim/mason/packages/lua-language-server/libexec/meta/LuaJIT%20en-us%20utf8/jit.lua , size = 0.884 KB
[20:23:34.936][info] [#0:script/workspace/loading.lua:112]: ++++As library of:	file:///home/ljc/.local/share/nvim/mason/packages/lua-language-server/libexec/meta/LuaJIT%20en-us%20utf8/jit.lua
[20:23:34.936][info] [#0:script/workspace/loading.lua:88]: Skip loaded file: file:///home/ljc/.local/share/nvim/mason/packages/lua-language-server/libexec/meta/LuaJIT%20en-us%20utf8/jit.lua
[20:23:34.936][info] [#0:script/workspace/loading.lua:112]: ++++As library of:	file:///home/ljc/.local/share/nvim/mason/packages/lua-language-server/libexec/meta/LuaJIT%20en-us%20utf8/jit.lua
[20:23:34.938][info] [#0:script/workspace/loading.lua:100]: Preload file at: file:///home/ljc/.local/share/nvim/mason/packages/lua-language-server/libexec/meta/LuaJIT%20en-us%20utf8/ffi.lua , size = 2.529 KB
[20:23:34.940][info] [#0:script/workspace/loading.lua:112]: ++++As library of:	file:///home/ljc/.local/share/nvim/mason/packages/lua-language-server/libexec/meta/LuaJIT%20en-us%20utf8/ffi.lua
[20:23:34.940][info] [#0:script/workspace/loading.lua:88]: Skip loaded file: file:///home/ljc/.local/share/nvim/mason/packages/lua-language-server/libexec/meta/LuaJIT%20en-us%20utf8/ffi.lua
[20:23:34.940][info] [#0:script/workspace/loading.lua:112]: ++++As library of:	file:///home/ljc/.local/share/nvim/mason/packages/lua-language-server/libexec/meta/LuaJIT%20en-us%20utf8/ffi.lua
[20:23:34.941][info] [#0:script/workspace/loading.lua:100]: Preload file at: file:///home/ljc/.local/share/nvim/mason/packages/lua-language-server/libexec/meta/LuaJIT%20en-us%20utf8/coroutine.lua , size = 2.541 KB
[20:23:34.942][info] [#0:script/workspace/loading.lua:112]: ++++As library of:	file:///home/ljc/.local/share/nvim/mason/packages/lua-language-server/libexec/meta/LuaJIT%20en-us%20utf8/coroutine.lua
[20:23:34.942][info] [#0:script/workspace/loading.lua:88]: Skip loaded file: file:///home/ljc/.local/share/nvim/mason/packages/lua-language-server/libexec/meta/LuaJIT%20en-us%20utf8/coroutine.lua
[20:23:34.942][info] [#0:script/workspace/loading.lua:112]: ++++As library of:	file:///home/ljc/.local/share/nvim/mason/packages/lua-language-server/libexec/meta/LuaJIT%20en-us%20utf8/coroutine.lua
[20:23:34.944][info] [#0:script/workspace/loading.lua:100]: Preload file at: file:///home/ljc/.local/share/nvim/mason/packages/lua-language-server/libexec/meta/LuaJIT%20en-us%20utf8/builtin.lua , size = 0.302 KB
[20:23:34.944][info] [#0:script/workspace/loading.lua:112]: ++++As library of:	file:///home/ljc/.local/share/nvim/mason/packages/lua-language-server/libexec/meta/LuaJIT%20en-us%20utf8/builtin.lua
[20:23:34.944][info] [#0:script/workspace/loading.lua:88]: Skip loaded file: file:///home/ljc/.local/share/nvim/mason/packages/lua-language-server/libexec/meta/LuaJIT%20en-us%20utf8/builtin.lua
[20:23:34.944][info] [#0:script/workspace/loading.lua:112]: ++++As library of:	file:///home/ljc/.local/share/nvim/mason/packages/lua-language-server/libexec/meta/LuaJIT%20en-us%20utf8/builtin.lua
[20:23:34.946][info] [#0:script/workspace/loading.lua:100]: Preload file at: file:///home/ljc/.local/share/nvim/mason/packages/lua-language-server/libexec/meta/LuaJIT%20en-us%20utf8/string.lua , size = 5.242 KB
[20:23:34.948][info] [#0:script/workspace/loading.lua:112]: ++++As library of:	file:///home/ljc/.local/share/nvim/mason/packages/lua-language-server/libexec/meta/LuaJIT%20en-us%20utf8/string.lua
[20:23:34.948][info] [#0:script/workspace/loading.lua:88]: Skip loaded file: file:///home/ljc/.local/share/nvim/mason/packages/lua-language-server/libexec/meta/LuaJIT%20en-us%20utf8/string.lua
[20:23:34.948][info] [#0:script/workspace/loading.lua:112]: ++++As library of:	file:///home/ljc/.local/share/nvim/mason/packages/lua-language-server/libexec/meta/LuaJIT%20en-us%20utf8/string.lua
[20:23:34.950][info] [#0:script/workspace/loading.lua:100]: Preload file at: file:///home/ljc/.local/share/nvim/mason/packages/lua-language-server/libexec/meta/LuaJIT%20en-us%20utf8/bit.lua , size = 1.243 KB
[20:23:34.951][info] [#0:script/workspace/loading.lua:112]: ++++As library of:	file:///home/ljc/.local/share/nvim/mason/packages/lua-language-server/libexec/meta/LuaJIT%20en-us%20utf8/bit.lua
[20:23:34.951][info] [#0:script/workspace/loading.lua:88]: Skip loaded file: file:///home/ljc/.local/share/nvim/mason/packages/lua-language-server/libexec/meta/LuaJIT%20en-us%20utf8/bit.lua
[20:23:34.951][info] [#0:script/workspace/loading.lua:112]: ++++As library of:	file:///home/ljc/.local/share/nvim/mason/packages/lua-language-server/libexec/meta/LuaJIT%20en-us%20utf8/bit.lua
[20:23:34.953][info] [#0:script/workspace/loading.lua:100]: Preload file at: file:///home/ljc/.local/share/nvim/mason/packages/lua-language-server/libexec/meta/LuaJIT%20en-us%20utf8/math.lua , size = 7.982 KB
[20:23:34.956][info] [#0:script/workspace/loading.lua:112]: ++++As library of:	file:///home/ljc/.local/share/nvim/mason/packages/lua-language-server/libexec/meta/LuaJIT%20en-us%20utf8/math.lua
[20:23:34.956][info] [#0:script/workspace/loading.lua:88]: Skip loaded file: file:///home/ljc/.local/share/nvim/mason/packages/lua-language-server/libexec/meta/LuaJIT%20en-us%20utf8/math.lua
[20:23:34.956][info] [#0:script/workspace/loading.lua:112]: ++++As library of:	file:///home/ljc/.local/share/nvim/mason/packages/lua-language-server/libexec/meta/LuaJIT%20en-us%20utf8/math.lua
[20:23:34.957][info] [#0:script/workspace/loading.lua:100]: Preload file at: file:///home/ljc/.local/share/nvim/mason/packages/lua-language-server/libexec/meta/LuaJIT%20en-us%20utf8/table/new.lua , size = 0.642 KB
[20:23:34.957][info] [#0:script/workspace/loading.lua:112]: ++++As library of:	file:///home/ljc/.local/share/nvim/mason/packages/lua-language-server/libexec/meta/LuaJIT%20en-us%20utf8/table/new.lua
[20:23:34.957][info] [#0:script/workspace/loading.lua:88]: Skip loaded file: file:///home/ljc/.local/share/nvim/mason/packages/lua-language-server/libexec/meta/LuaJIT%20en-us%20utf8/table/new.lua
[20:23:34.957][info] [#0:script/workspace/loading.lua:112]: ++++As library of:	file:///home/ljc/.local/share/nvim/mason/packages/lua-language-server/libexec/meta/LuaJIT%20en-us%20utf8/table/new.lua
[20:23:34.959][info] [#0:script/workspace/loading.lua:100]: Preload file at: file:///home/ljc/.local/share/nvim/mason/packages/lua-language-server/libexec/meta/LuaJIT%20en-us%20utf8/table/clear.lua , size = 0.797 KB
[20:23:34.959][info] [#0:script/workspace/loading.lua:112]: ++++As library of:	file:///home/ljc/.local/share/nvim/mason/packages/lua-language-server/libexec/meta/LuaJIT%20en-us%20utf8/table/clear.lua
[20:23:34.959][info] [#0:script/workspace/loading.lua:88]: Skip loaded file: file:///home/ljc/.local/share/nvim/mason/packages/lua-language-server/libexec/meta/LuaJIT%20en-us%20utf8/table/clear.lua
[20:23:34.959][info] [#0:script/workspace/loading.lua:112]: ++++As library of:	file:///home/ljc/.local/share/nvim/mason/packages/lua-language-server/libexec/meta/LuaJIT%20en-us%20utf8/table/clear.lua
[20:23:34.961][info] [#0:script/workspace/loading.lua:100]: Preload file at: file:///home/ljc/.local/share/nvim/mason/packages/lua-language-server/libexec/meta/LuaJIT%20en-us%20utf8/jit/profile.lua , size = 0.348 KB
[20:23:34.961][info] [#0:script/workspace/loading.lua:112]: ++++As library of:	file:///home/ljc/.local/share/nvim/mason/packages/lua-language-server/libexec/meta/LuaJIT%20en-us%20utf8/jit/profile.lua
[20:23:34.961][info] [#0:script/workspace/loading.lua:88]: Skip loaded file: file:///home/ljc/.local/share/nvim/mason/packages/lua-language-server/libexec/meta/LuaJIT%20en-us%20utf8/jit/profile.lua
[20:23:34.961][info] [#0:script/workspace/loading.lua:112]: ++++As library of:	file:///home/ljc/.local/share/nvim/mason/packages/lua-language-server/libexec/meta/LuaJIT%20en-us%20utf8/jit/profile.lua
[20:23:34.962][info] [#0:script/workspace/loading.lua:172]: Loaded files takes [0.041] sec: <fallback>
[20:23:34.962][info] [#0:script/workspace/loading.lua:181]: Compile files takes [0.000] sec: <fallback>
[20:23:34.962][info] [#0:script/workspace/loading.lua:182]: Loaded finish:	<fallback>
[20:23:34.962][info] [#0:script/workspace/workspace.lua:381]: Preload finish at:	<fallback>
[20:23:34.965][info] [#0:script/workspace/loading.lua:100]: Preload file at: file:///home/ljc/.config/nvim/lua/plugins/indent.lua , size = 0.903 KB
[20:23:34.965][info] [#0:script/workspace/loading.lua:100]: Preload file at: file:///home/ljc/.config/nvim/lua/plugins/vim-illuminate.lua , size = 1.159 KB
[20:23:34.966][info] [#0:script/workspace/loading.lua:100]: Preload file at: file:///home/ljc/.config/nvim/lua/plugins/nvim-scrollbar.lua , size = 1.040 KB
[20:23:34.967][info] [#0:script/workspace/loading.lua:100]: Preload file at: file:///home/ljc/.config/nvim/lua/plugins/aerial.lua , size = 1.746 KB
[20:23:34.968][info] [#0:script/workspace/loading.lua:100]: Preload file at: file:///home/ljc/.config/nvim/lua/plugins/editor.lua , size = 1.710 KB
[20:23:34.970][info] [#0:script/workspace/loading.lua:100]: Preload file at: file:///home/ljc/.config/nvim/lua/plugins/nvim-web-devicons.lua , size = 0.389 KB
[20:23:34.971][info] [#0:script/workspace/loading.lua:100]: Preload file at: file:///home/ljc/.config/nvim/lua/plugins/nvim-treesitter.lua , size = 3.388 KB
[20:23:34.972][info] [#0:script/workspace/loading.lua:100]: Preload file at: file:///home/ljc/.config/nvim/lua/plugins/nvim-tree.lua , size = 2.287 KB
[20:23:34.973][info] [#0:script/workspace/loading.lua:100]: Preload file at: file:///home/ljc/.config/nvim/lua/plugins/colorscheme.lua , size = 1.094 KB
[20:23:34.977][info] [#0:script/workspace/loading.lua:100]: Preload file at: file:///home/ljc/.config/nvim/lua/plugins/fidget.lua , size = 1.162 KB
[20:23:34.978][info] [#0:script/workspace/loading.lua:100]: Preload file at: file:///home/ljc/.config/nvim/lua/plugins/gitsigns.lua , size = 2.414 KB
[20:23:34.979][info] [#0:script/workspace/loading.lua:88]: Skip loaded file: file:///home/ljc/.config/nvim/lua/plugins/fzf.lua
[20:23:34.979][info] [#0:script/workspace/loading.lua:100]: Preload file at: file:///home/ljc/.config/nvim/lua/config/keymaps.lua , size = 0.915 KB
[20:23:34.980][info] [#0:script/workspace/loading.lua:100]: Preload file at: file:///home/ljc/.config/nvim/lua/config/default.lua , size = 1.052 KB
[20:23:34.981][info] [#0:script/workspace/loading.lua:100]: Preload file at: file:///home/ljc/.config/nvim/lua/config/autocmd.lua , size = 2.125 KB
[20:23:34.982][info] [#0:script/workspace/loading.lua:100]: Preload file at: file:///home/ljc/.config/nvim/lua/lsp/mason.lua , size = 1.463 KB
[20:23:34.983][info] [#0:script/workspace/loading.lua:100]: Preload file at: file:///home/ljc/.config/nvim/lua/lsp/nvim-cmp.lua , size = 2.102 KB
[20:23:34.984][info] [#0:script/workspace/loading.lua:100]: Preload file at: file:///home/ljc/.config/nvim/lua/lsp/lspconfig.lua , size = 5.158 KB
[20:23:34.985][info] [#0:script/workspace/loading.lua:100]: Preload file at: file:///home/ljc/.config/nvim/init.lua , size = 1.146 KB
[20:23:34.986][info] [#0:script/workspace/loading.lua:172]: Loaded files takes [0.058] sec: file:///home/ljc/.config/nvim
[20:23:34.986][info] [#0:script/workspace/loading.lua:181]: Compile files takes [0.000] sec: file:///home/ljc/.config/nvim
[20:23:34.986][info] [#0:script/workspace/loading.lua:182]: Loaded finish:	file:///home/ljc/.config/nvim
[20:23:34.986][info] [#0:script/workspace/workspace.lua:381]: Preload finish at:	file:///home/ljc/.config/nvim
[20:23:34.991][info] [#0:script/provider/diagnostic.lua:560]: Diagnostics scope [file:///home/ljc/.config/nvim], files count:[37]
[20:23:36.946][info] [#0:script/workspace/workspace.lua:284]: Scan files at:	file:///home/ljc/.config/nvim/lua/plugins/fzf.lua
[20:23:36.946][info] [#0:script/workspace/loading.lua:160]: Load files from disk:	file:///home/ljc/.config/nvim/lua/plugins/fzf.lua
[20:23:36.946][info] [#0:script/workspace/loading.lua:88]: Skip loaded file: file:///home/ljc/.config/nvim/lua/plugins/fzf.lua
[20:23:36.947][info] [#0:script/workspace/loading.lua:172]: Loaded files takes [0.000] sec: file:///home/ljc/.config/nvim/lua/plugins/fzf.lua
[20:23:36.948][info] [#0:script/workspace/loading.lua:181]: Compile files takes [0.000] sec: file:///home/ljc/.config/nvim/lua/plugins/fzf.lua
[20:23:36.948][info] [#0:script/workspace/loading.lua:182]: Loaded finish:	file:///home/ljc/.config/nvim/lua/plugins/fzf.lua
[20:23:39.652][info] [#0:script/provider/diagnostic.lua:560]: Diagnostics scope [file:///home/ljc/.config/nvim], files count:[37]
[20:23:42.925][info] [#0:script/workspace/workspace.lua:284]: Scan files at:	file:///home/ljc/.config/nvim/lua/plugins/fzf.lua
[20:23:42.925][info] [#0:script/workspace/loading.lua:160]: Load files from disk:	file:///home/ljc/.config/nvim/lua/plugins/fzf.lua
[20:23:42.925][info] [#0:script/workspace/loading.lua:88]: Skip loaded file: file:///home/ljc/.config/nvim/lua/plugins/fzf.lua
[20:23:42.925][info] [#0:script/workspace/loading.lua:172]: Loaded files takes [0.000] sec: file:///home/ljc/.config/nvim/lua/plugins/fzf.lua
[20:23:42.925][info] [#0:script/workspace/loading.lua:181]: Compile files takes [0.000] sec: file:///home/ljc/.config/nvim/lua/plugins/fzf.lua
[20:23:42.925][info] [#0:script/workspace/loading.lua:182]: Loaded finish:	file:///home/ljc/.config/nvim/lua/plugins/fzf.lua
[20:23:43.942][info] [#0:script/workspace/workspace.lua:284]: Scan files at:	file:///home/ljc/.config/nvim/lua/plugins/fzf.lua
[20:23:43.943][info] [#0:script/workspace/loading.lua:160]: Load files from disk:	file:///home/ljc/.config/nvim/lua/plugins/fzf.lua
[20:23:43.943][info] [#0:script/workspace/loading.lua:88]: Skip loaded file: file:///home/ljc/.config/nvim/lua/plugins/fzf.lua
[20:23:43.943][info] [#0:script/workspace/loading.lua:172]: Loaded files takes [0.000] sec: file:///home/ljc/.config/nvim/lua/plugins/fzf.lua
[20:23:43.943][info] [#0:script/workspace/loading.lua:181]: Compile files takes [0.000] sec: file:///home/ljc/.config/nvim/lua/plugins/fzf.lua
[20:23:43.943][info] [#0:script/workspace/loading.lua:182]: Loaded finish:	file:///home/ljc/.config/nvim/lua/plugins/fzf.lua
[20:23:45.675][info] [#0:script/provider/diagnostic.lua:560]: Diagnostics scope [file:///home/ljc/.config/nvim], files count:[37]
[20:23:46.915][info] [#0:script/workspace/workspace.lua:284]: Scan files at:	file:///home/ljc/.config/nvim/lua/plugins/fzf.lua
[20:23:46.916][info] [#0:script/workspace/loading.lua:160]: Load files from disk:	file:///home/ljc/.config/nvim/lua/plugins/fzf.lua
[20:23:46.916][info] [#0:script/workspace/loading.lua:88]: Skip loaded file: file:///home/ljc/.config/nvim/lua/plugins/fzf.lua
[20:23:46.917][info] [#0:script/workspace/loading.lua:172]: Loaded files takes [0.000] sec: file:///home/ljc/.config/nvim/lua/plugins/fzf.lua
[20:23:46.917][info] [#0:script/workspace/loading.lua:181]: Compile files takes [0.000] sec: file:///home/ljc/.config/nvim/lua/plugins/fzf.lua
[20:23:46.917][info] [#0:script/workspace/loading.lua:182]: Loaded finish:	file:///home/ljc/.config/nvim/lua/plugins/fzf.lua
[20:23:47.119][info] [#0:script/provider/diagnostic.lua:560]: Diagnostics scope [file:///home/ljc/.config/nvim], files count:[37]
[20:23:47.900][info] [#0:script/workspace/workspace.lua:284]: Scan files at:	file:///home/ljc/.config/nvim/lua/plugins/fzf.lua
[20:23:47.900][info] [#0:script/workspace/loading.lua:160]: Load files from disk:	file:///home/ljc/.config/nvim/lua/plugins/fzf.lua
[20:23:47.900][info] [#0:script/workspace/loading.lua:88]: Skip loaded file: file:///home/ljc/.config/nvim/lua/plugins/fzf.lua
[20:23:47.901][info] [#0:script/workspace/loading.lua:172]: Loaded files takes [0.000] sec: file:///home/ljc/.config/nvim/lua/plugins/fzf.lua
[20:23:47.901][info] [#0:script/workspace/loading.lua:181]: Compile files takes [0.000] sec: file:///home/ljc/.config/nvim/lua/plugins/fzf.lua
[20:23:47.901][info] [#0:script/workspace/loading.lua:182]: Loaded finish:	file:///home/ljc/.config/nvim/lua/plugins/fzf.lua
[20:23:48.385][info] [#0:script/provider/diagnostic.lua:577]: Diagnostics scope [file:///home/ljc/.config/nvim] finished, takes [0.196] sec.
[20:23:49.410][info] [#0:script/provider/diagnostic.lua:560]: Diagnostics scope [file:///home/ljc/.config/nvim], files count:[37]
[20:23:49.901][info] [#0:script/workspace/workspace.lua:284]: Scan files at:	file:///home/ljc/.config/nvim/lua/plugins/fzf.lua
[20:23:49.901][info] [#0:script/workspace/loading.lua:160]: Load files from disk:	file:///home/ljc/.config/nvim/lua/plugins/fzf.lua
[20:23:49.901][info] [#0:script/workspace/loading.lua:88]: Skip loaded file: file:///home/ljc/.config/nvim/lua/plugins/fzf.lua
[20:23:49.901][info] [#0:script/workspace/loading.lua:172]: Loaded files takes [0.000] sec: file:///home/ljc/.config/nvim/lua/plugins/fzf.lua
[20:23:49.902][info] [#0:script/workspace/loading.lua:181]: Compile files takes [0.000] sec: file:///home/ljc/.config/nvim/lua/plugins/fzf.lua
[20:23:49.902][info] [#0:script/workspace/loading.lua:182]: Loaded finish:	file:///home/ljc/.config/nvim/lua/plugins/fzf.lua
[20:23:50.298][info] [#0:script/provider/diagnostic.lua:560]: Diagnostics scope [file:///home/ljc/.config/nvim], files count:[37]
[20:23:51.488][info] [#0:script/provider/diagnostic.lua:577]: Diagnostics scope [file:///home/ljc/.config/nvim] finished, takes [0.190] sec.
[20:23:52.647][info] [#0:script/provider/diagnostic.lua:560]: Diagnostics scope [file:///home/ljc/.config/nvim], files count:[37]
[20:23:52.937][info] [#0:script/provider/diagnostic.lua:171]: clearDiagnostics	file:///home/ljc/.config/nvim/lua/plugins/fzf.lua
[20:23:53.903][info] [#0:script/workspace/workspace.lua:284]: Scan files at:	file:///home/ljc/.config/nvim/lua/plugins/fzf.lua
[20:23:53.903][info] [#0:script/workspace/loading.lua:160]: Load files from disk:	file:///home/ljc/.config/nvim/lua/plugins/fzf.lua
[20:23:53.903][info] [#0:script/workspace/loading.lua:88]: Skip loaded file: file:///home/ljc/.config/nvim/lua/plugins/fzf.lua
[20:23:53.903][info] [#0:script/workspace/loading.lua:172]: Loaded files takes [0.000] sec: file:///home/ljc/.config/nvim/lua/plugins/fzf.lua
[20:23:53.903][info] [#0:script/workspace/loading.lua:181]: Compile files takes [0.000] sec: file:///home/ljc/.config/nvim/lua/plugins/fzf.lua
[20:23:53.903][info] [#0:script/workspace/loading.lua:182]: Loaded finish:	file:///home/ljc/.config/nvim/lua/plugins/fzf.lua
[20:23:54.919][info] [#0:script/workspace/workspace.lua:284]: Scan files at:	file:///home/ljc/.config/nvim/lua/plugins/fzf.lua
[20:23:54.919][info] [#0:script/workspace/loading.lua:160]: Load files from disk:	file:///home/ljc/.config/nvim/lua/plugins/fzf.lua
[20:23:54.919][info] [#0:script/workspace/loading.lua:88]: Skip loaded file: file:///home/ljc/.config/nvim/lua/plugins/fzf.lua
[20:23:54.920][info] [#0:script/workspace/loading.lua:172]: Loaded files takes [0.000] sec: file:///home/ljc/.config/nvim/lua/plugins/fzf.lua
[20:23:54.920][info] [#0:script/workspace/loading.lua:181]: Compile files takes [0.000] sec: file:///home/ljc/.config/nvim/lua/plugins/fzf.lua
[20:23:54.920][info] [#0:script/workspace/loading.lua:182]: Loaded finish:	file:///home/ljc/.config/nvim/lua/plugins/fzf.lua
[20:23:55.936][info] [#0:script/workspace/workspace.lua:284]: Scan files at:	file:///home/ljc/.config/nvim/lua/plugins/fzf.lua
[20:23:55.936][info] [#0:script/workspace/loading.lua:160]: Load files from disk:	file:///home/ljc/.config/nvim/lua/plugins/fzf.lua
[20:23:55.936][info] [#0:script/workspace/loading.lua:88]: Skip loaded file: file:///home/ljc/.config/nvim/lua/plugins/fzf.lua
[20:23:55.936][info] [#0:script/workspace/loading.lua:172]: Loaded files takes [0.000] sec: file:///home/ljc/.config/nvim/lua/plugins/fzf.lua
[20:23:55.936][info] [#0:script/workspace/loading.lua:181]: Compile files takes [0.000] sec: file:///home/ljc/.config/nvim/lua/plugins/fzf.lua
[20:23:55.936][info] [#0:script/workspace/loading.lua:182]: Loaded finish:	file:///home/ljc/.config/nvim/lua/plugins/fzf.lua
[20:23:56.845][info] [#0:script/provider/diagnostic.lua:560]: Diagnostics scope [file:///home/ljc/.config/nvim], files count:[37]
[20:23:57.308][info] [#0:script/provider/diagnostic.lua:560]: Diagnostics scope [file:///home/ljc/.config/nvim], files count:[37]
[20:23:57.514][info] [#0:script/provider/diagnostic.lua:560]: Diagnostics scope [file:///home/ljc/.config/nvim], files count:[37]
[20:23:57.904][info] [#0:script/workspace/workspace.lua:284]: Scan files at:	file:///home/ljc/.config/nvim/lua/plugins/fzf.lua
[20:23:57.904][info] [#0:script/workspace/loading.lua:160]: Load files from disk:	file:///home/ljc/.config/nvim/lua/plugins/fzf.lua
[20:23:57.904][info] [#0:script/workspace/loading.lua:88]: Skip loaded file: file:///home/ljc/.config/nvim/lua/plugins/fzf.lua
[20:23:57.905][info] [#0:script/workspace/loading.lua:172]: Loaded files takes [0.000] sec: file:///home/ljc/.config/nvim/lua/plugins/fzf.lua
[20:23:57.905][info] [#0:script/workspace/loading.lua:181]: Compile files takes [0.000] sec: file:///home/ljc/.config/nvim/lua/plugins/fzf.lua
[20:23:57.905][info] [#0:script/workspace/loading.lua:182]: Loaded finish:	file:///home/ljc/.config/nvim/lua/plugins/fzf.lua
[20:23:58.022][info] [#0:script/provider/diagnostic.lua:560]: Diagnostics scope [file:///home/ljc/.config/nvim], files count:[37]
[20:23:58.325][info] [#0:script/provider/diagnostic.lua:560]: Diagnostics scope [file:///home/ljc/.config/nvim], files count:[37]
[20:23:58.529][info] [#0:script/provider/diagnostic.lua:560]: Diagnostics scope [file:///home/ljc/.config/nvim], files count:[37]
[20:23:58.732][info] [#0:script/provider/diagnostic.lua:560]: Diagnostics scope [file:///home/ljc/.config/nvim], files count:[37]
[20:23:58.935][info] [#0:script/provider/diagnostic.lua:560]: Diagnostics scope [file:///home/ljc/.config/nvim], files count:[37]
[20:23:58.936][info] [#0:script/workspace/workspace.lua:284]: Scan files at:	file:///home/ljc/.config/nvim/lua/plugins/fzf.lua
[20:23:58.936][info] [#0:script/workspace/loading.lua:160]: Load files from disk:	file:///home/ljc/.config/nvim/lua/plugins/fzf.lua
[20:23:58.936][info] [#0:script/workspace/loading.lua:88]: Skip loaded file: file:///home/ljc/.config/nvim/lua/plugins/fzf.lua
[20:23:58.937][info] [#0:script/workspace/loading.lua:172]: Loaded files takes [0.000] sec: file:///home/ljc/.config/nvim/lua/plugins/fzf.lua
[20:23:58.937][info] [#0:script/workspace/loading.lua:181]: Compile files takes [0.000] sec: file:///home/ljc/.config/nvim/lua/plugins/fzf.lua
[20:23:58.937][info] [#0:script/workspace/loading.lua:182]: Loaded finish:	file:///home/ljc/.config/nvim/lua/plugins/fzf.lua
[20:24:00.361][info] [#0:script/provider/diagnostic.lua:577]: Diagnostics scope [file:///home/ljc/.config/nvim] finished, takes [0.170] sec.
[20:24:00.577][info] [#0:script/provider/diagnostic.lua:560]: Diagnostics scope [file:///home/ljc/.config/nvim], files count:[37]
[20:24:00.862][info] [#0:script/provider/diagnostic.lua:560]: Diagnostics scope [file:///home/ljc/.config/nvim], files count:[37]
[20:24:00.906][info] [#0:script/workspace/workspace.lua:284]: Scan files at:	file:///home/ljc/.config/nvim/lua/plugins/fzf.lua
[20:24:00.907][info] [#0:script/workspace/loading.lua:160]: Load files from disk:	file:///home/ljc/.config/nvim/lua/plugins/fzf.lua
[20:24:00.907][info] [#0:script/workspace/loading.lua:88]: Skip loaded file: file:///home/ljc/.config/nvim/lua/plugins/fzf.lua
[20:24:00.907][info] [#0:script/workspace/loading.lua:172]: Loaded files takes [0.000] sec: file:///home/ljc/.config/nvim/lua/plugins/fzf.lua
[20:24:00.907][info] [#0:script/workspace/loading.lua:181]: Compile files takes [0.000] sec: file:///home/ljc/.config/nvim/lua/plugins/fzf.lua
[20:24:00.907][info] [#0:script/workspace/loading.lua:182]: Loaded finish:	file:///home/ljc/.config/nvim/lua/plugins/fzf.lua
[20:24:01.124][info] [#0:script/provider/diagnostic.lua:560]: Diagnostics scope [file:///home/ljc/.config/nvim], files count:[37]
[20:24:01.282][info] [#0:script/provider/diagnostic.lua:560]: Diagnostics scope [file:///home/ljc/.config/nvim], files count:[37]
[20:24:01.450][info] [#0:script/provider/diagnostic.lua:560]: Diagnostics scope [file:///home/ljc/.config/nvim], files count:[37]
[20:24:01.905][info] [#0:script/workspace/workspace.lua:284]: Scan files at:	file:///home/ljc/.config/nvim/lua/plugins/fzf.lua
[20:24:01.906][info] [#0:script/workspace/loading.lua:160]: Load files from disk:	file:///home/ljc/.config/nvim/lua/plugins/fzf.lua
[20:24:01.906][info] [#0:script/workspace/loading.lua:88]: Skip loaded file: file:///home/ljc/.config/nvim/lua/plugins/fzf.lua
[20:24:01.907][info] [#0:script/workspace/loading.lua:172]: Loaded files takes [0.000] sec: file:///home/ljc/.config/nvim/lua/plugins/fzf.lua
[20:24:01.907][info] [#0:script/workspace/loading.lua:181]: Compile files takes [0.000] sec: file:///home/ljc/.config/nvim/lua/plugins/fzf.lua
[20:24:01.907][info] [#0:script/workspace/loading.lua:182]: Loaded finish:	file:///home/ljc/.config/nvim/lua/plugins/fzf.lua
[20:24:02.745][info] [#0:script/provider/diagnostic.lua:577]: Diagnostics scope [file:///home/ljc/.config/nvim] finished, takes [0.204] sec.
[20:24:02.958][info] [#0:script/workspace/workspace.lua:284]: Scan files at:	file:///home/ljc/.config/nvim/lua/plugins/fzf.lua
[20:24:02.958][info] [#0:script/workspace/loading.lua:160]: Load files from disk:	file:///home/ljc/.config/nvim/lua/plugins/fzf.lua
[20:24:02.958][info] [#0:script/workspace/loading.lua:88]: Skip loaded file: file:///home/ljc/.config/nvim/lua/plugins/fzf.lua
[20:24:02.958][info] [#0:script/workspace/loading.lua:172]: Loaded files takes [0.000] sec: file:///home/ljc/.config/nvim/lua/plugins/fzf.lua
[20:24:02.958][info] [#0:script/workspace/loading.lua:181]: Compile files takes [0.000] sec: file:///home/ljc/.config/nvim/lua/plugins/fzf.lua
[20:24:02.958][info] [#0:script/workspace/loading.lua:182]: Loaded finish:	file:///home/ljc/.config/nvim/lua/plugins/fzf.lua
[20:24:03.161][info] [#0:script/provider/diagnostic.lua:560]: Diagnostics scope [file:///home/ljc/.config/nvim], files count:[37]
[20:24:03.335][info] [#0:script/provider/diagnostic.lua:560]: Diagnostics scope [file:///home/ljc/.config/nvim], files count:[37]
[20:24:03.678][info] [#0:script/provider/diagnostic.lua:560]: Diagnostics scope [file:///home/ljc/.config/nvim], files count:[37]
[20:24:03.678][info] [#0:script/provider/diagnostic.lua:560]: Diagnostics scope [file:///home/ljc/.config/nvim], files count:[37]
[20:24:03.964][info] [#0:script/provider/diagnostic.lua:560]: Diagnostics scope [file:///home/ljc/.config/nvim], files count:[37]
[20:24:03.965][info] [#0:script/workspace/workspace.lua:284]: Scan files at:	file:///home/ljc/.config/nvim/lua/plugins/fzf.lua
[20:24:03.965][info] [#0:script/workspace/loading.lua:160]: Load files from disk:	file:///home/ljc/.config/nvim/lua/plugins/fzf.lua
[20:24:03.965][info] [#0:script/workspace/loading.lua:88]: Skip loaded file: file:///home/ljc/.config/nvim/lua/plugins/fzf.lua
[20:24:03.966][info] [#0:script/workspace/loading.lua:172]: Loaded files takes [0.000] sec: file:///home/ljc/.config/nvim/lua/plugins/fzf.lua
[20:24:03.966][info] [#0:script/workspace/loading.lua:181]: Compile files takes [0.000] sec: file:///home/ljc/.config/nvim/lua/plugins/fzf.lua
[20:24:03.966][info] [#0:script/workspace/loading.lua:182]: Loaded finish:	file:///home/ljc/.config/nvim/lua/plugins/fzf.lua
[20:24:04.385][info] [#0:script/provider/diagnostic.lua:560]: Diagnostics scope [file:///home/ljc/.config/nvim], files count:[37]
[20:24:04.684][info] [#0:script/provider/diagnostic.lua:560]: Diagnostics scope [file:///home/ljc/.config/nvim], files count:[37]
[20:24:04.907][info] [#0:script/workspace/workspace.lua:284]: Scan files at:	file:///home/ljc/.config/nvim/lua/plugins/fzf.lua
[20:24:04.907][info] [#0:script/workspace/loading.lua:160]: Load files from disk:	file:///home/ljc/.config/nvim/lua/plugins/fzf.lua
[20:24:04.907][info] [#0:script/workspace/loading.lua:88]: Skip loaded file: file:///home/ljc/.config/nvim/lua/plugins/fzf.lua
[20:24:04.908][info] [#0:script/workspace/loading.lua:172]: Loaded files takes [0.000] sec: file:///home/ljc/.config/nvim/lua/plugins/fzf.lua
[20:24:04.908][info] [#0:script/workspace/loading.lua:181]: Compile files takes [0.000] sec: file:///home/ljc/.config/nvim/lua/plugins/fzf.lua
[20:24:04.908][info] [#0:script/workspace/loading.lua:182]: Loaded finish:	file:///home/ljc/.config/nvim/lua/plugins/fzf.lua
[20:24:05.076][info] [#0:script/provider/diagnostic.lua:560]: Diagnostics scope [file:///home/ljc/.config/nvim], files count:[37]
[20:24:05.349][info] [#0:script/provider/diagnostic.lua:560]: Diagnostics scope [file:///home/ljc/.config/nvim], files count:[37]
[20:24:05.810][info] [#0:script/provider/diagnostic.lua:560]: Diagnostics scope [file:///home/ljc/.config/nvim], files count:[37]
[20:24:06.507][info] [#0:script/provider/diagnostic.lua:560]: Diagnostics scope [file:///home/ljc/.config/nvim], files count:[37]
[20:24:06.948][info] [#0:script/provider/diagnostic.lua:560]: Diagnostics scope [file:///home/ljc/.config/nvim], files count:[37]
[20:24:06.948][info] [#0:script/workspace/workspace.lua:284]: Scan files at:	file:///home/ljc/.config/nvim/lua/plugins/fzf.lua
[20:24:06.949][info] [#0:script/workspace/loading.lua:160]: Load files from disk:	file:///home/ljc/.config/nvim/lua/plugins/fzf.lua
[20:24:06.949][info] [#0:script/workspace/loading.lua:88]: Skip loaded file: file:///home/ljc/.config/nvim/lua/plugins/fzf.lua
[20:24:06.950][info] [#0:script/workspace/loading.lua:172]: Loaded files takes [0.000] sec: file:///home/ljc/.config/nvim/lua/plugins/fzf.lua
[20:24:06.950][info] [#0:script/workspace/loading.lua:181]: Compile files takes [0.000] sec: file:///home/ljc/.config/nvim/lua/plugins/fzf.lua
[20:24:06.950][info] [#0:script/workspace/loading.lua:182]: Loaded finish:	file:///home/ljc/.config/nvim/lua/plugins/fzf.lua
[20:24:07.108][info] [#0:script/provider/diagnostic.lua:560]: Diagnostics scope [file:///home/ljc/.config/nvim], files count:[37]
[20:24:07.327][info] [#0:script/provider/diagnostic.lua:560]: Diagnostics scope [file:///home/ljc/.config/nvim], files count:[37]
[20:24:07.908][info] [#0:script/workspace/workspace.lua:284]: Scan files at:	file:///home/ljc/.config/nvim/lua/plugins/fzf.lua
[20:24:07.908][info] [#0:script/workspace/loading.lua:160]: Load files from disk:	file:///home/ljc/.config/nvim/lua/plugins/fzf.lua
[20:24:07.909][info] [#0:script/workspace/loading.lua:88]: Skip loaded file: file:///home/ljc/.config/nvim/lua/plugins/fzf.lua
[20:24:07.909][info] [#0:script/workspace/loading.lua:172]: Loaded files takes [0.000] sec: file:///home/ljc/.config/nvim/lua/plugins/fzf.lua
[20:24:07.909][info] [#0:script/workspace/loading.lua:181]: Compile files takes [0.000] sec: file:///home/ljc/.config/nvim/lua/plugins/fzf.lua
[20:24:07.909][info] [#0:script/workspace/loading.lua:182]: Loaded finish:	file:///home/ljc/.config/nvim/lua/plugins/fzf.lua
[20:24:08.615][info] [#0:script/provider/diagnostic.lua:577]: Diagnostics scope [file:///home/ljc/.config/nvim] finished, takes [0.178] sec.
[20:24:08.935][info] [#0:script/workspace/workspace.lua:284]: Scan files at:	file:///home/ljc/.config/nvim/lua/plugins/fzf.lua
[20:24:08.935][info] [#0:script/workspace/loading.lua:160]: Load files from disk:	file:///home/ljc/.config/nvim/lua/plugins/fzf.lua
[20:24:08.935][info] [#0:script/workspace/loading.lua:88]: Skip loaded file: file:///home/ljc/.config/nvim/lua/plugins/fzf.lua
[20:24:08.935][info] [#0:script/workspace/loading.lua:172]: Loaded files takes [0.000] sec: file:///home/ljc/.config/nvim/lua/plugins/fzf.lua
[20:24:08.935][info] [#0:script/workspace/loading.lua:181]: Compile files takes [0.000] sec: file:///home/ljc/.config/nvim/lua/plugins/fzf.lua
[20:24:08.935][info] [#0:script/workspace/loading.lua:182]: Loaded finish:	file:///home/ljc/.config/nvim/lua/plugins/fzf.lua
[20:24:09.643][info] [#0:script/provider/diagnostic.lua:560]: Diagnostics scope [file:///home/ljc/.config/nvim], files count:[37]
[20:24:10.262][info] [#0:script/provider/diagnostic.lua:560]: Diagnostics scope [file:///home/ljc/.config/nvim], files count:[37]
[20:24:10.943][info] [#0:script/provider/diagnostic.lua:560]: Diagnostics scope [file:///home/ljc/.config/nvim], files count:[37]
[20:24:11.239][info] [#0:script/provider/diagnostic.lua:560]: Diagnostics scope [file:///home/ljc/.config/nvim], files count:[37]
[20:24:12.647][info] [#0:script/provider/diagnostic.lua:577]: Diagnostics scope [file:///home/ljc/.config/nvim] finished, takes [0.180] sec.
[20:24:20.943][info] [#0:script/workspace/workspace.lua:284]: Scan files at:	file:///home/ljc/.config/nvim/lua/plugins/fzf.lua
[20:24:20.943][info] [#0:script/workspace/loading.lua:160]: Load files from disk:	file:///home/ljc/.config/nvim/lua/plugins/fzf.lua
[20:24:20.943][info] [#0:script/workspace/loading.lua:88]: Skip loaded file: file:///home/ljc/.config/nvim/lua/plugins/fzf.lua
[20:24:20.944][info] [#0:script/workspace/loading.lua:172]: Loaded files takes [0.000] sec: file:///home/ljc/.config/nvim/lua/plugins/fzf.lua
[20:24:20.944][info] [#0:script/workspace/loading.lua:181]: Compile files takes [0.000] sec: file:///home/ljc/.config/nvim/lua/plugins/fzf.lua
[20:24:20.944][info] [#0:script/workspace/loading.lua:182]: Loaded finish:	file:///home/ljc/.config/nvim/lua/plugins/fzf.lua
[20:24:23.350][info] [#0:script/provider/diagnostic.lua:560]: Diagnostics scope [file:///home/ljc/.config/nvim], files count:[37]
[20:24:23.837][info] [#0:script/provider/diagnostic.lua:560]: Diagnostics scope [file:///home/ljc/.config/nvim], files count:[37]
[20:24:23.917][info] [#0:script/workspace/workspace.lua:284]: Scan files at:	file:///home/ljc/.config/nvim/lua/plugins/fzf.lua
[20:24:23.917][info] [#0:script/workspace/loading.lua:160]: Load files from disk:	file:///home/ljc/.config/nvim/lua/plugins/fzf.lua
[20:24:23.917][info] [#0:script/workspace/loading.lua:88]: Skip loaded file: file:///home/ljc/.config/nvim/lua/plugins/fzf.lua
[20:24:23.918][info] [#0:script/workspace/loading.lua:172]: Loaded files takes [0.000] sec: file:///home/ljc/.config/nvim/lua/plugins/fzf.lua
[20:24:23.918][info] [#0:script/workspace/loading.lua:181]: Compile files takes [0.000] sec: file:///home/ljc/.config/nvim/lua/plugins/fzf.lua
[20:24:23.918][info] [#0:script/workspace/loading.lua:182]: Loaded finish:	file:///home/ljc/.config/nvim/lua/plugins/fzf.lua
[20:24:25.603][info] [#0:script/provider/diagnostic.lua:577]: Diagnostics scope [file:///home/ljc/.config/nvim] finished, takes [0.225] sec.
[20:24:26.323][info] [#0:script/provider/diagnostic.lua:560]: Diagnostics scope [file:///home/ljc/.config/nvim], files count:[37]
[20:24:26.521][info] [#0:script/provider/diagnostic.lua:560]: Diagnostics scope [file:///home/ljc/.config/nvim], files count:[37]
[20:24:26.784][info] [#0:script/provider/diagnostic.lua:560]: Diagnostics scope [file:///home/ljc/.config/nvim], files count:[37]
[20:24:27.009][info] [#0:script/provider/diagnostic.lua:560]: Diagnostics scope [file:///home/ljc/.config/nvim], files count:[37]
[20:24:28.209][info] [#0:script/provider/diagnostic.lua:577]: Diagnostics scope [file:///home/ljc/.config/nvim] finished, takes [0.186] sec.
[20:24:28.932][info] [#0:script/workspace/workspace.lua:284]: Scan files at:	file:///home/ljc/.config/nvim/lua/plugins/fzf.lua
[20:24:28.932][info] [#0:script/workspace/loading.lua:160]: Load files from disk:	file:///home/ljc/.config/nvim/lua/plugins/fzf.lua
[20:24:28.932][info] [#0:script/workspace/loading.lua:88]: Skip loaded file: file:///home/ljc/.config/nvim/lua/plugins/fzf.lua
[20:24:28.933][info] [#0:script/workspace/loading.lua:172]: Loaded files takes [0.000] sec: file:///home/ljc/.config/nvim/lua/plugins/fzf.lua
[20:24:28.933][info] [#0:script/workspace/loading.lua:181]: Compile files takes [0.000] sec: file:///home/ljc/.config/nvim/lua/plugins/fzf.lua
[20:24:28.933][info] [#0:script/workspace/loading.lua:182]: Loaded finish:	file:///home/ljc/.config/nvim/lua/plugins/fzf.lua
[20:24:29.242][info] [#0:script/provider/provider.lua:176]: Server shutdown.
[20:24:29.345][warn] [#0:script/pub/report.lua:24]: Load proto error:	Disconnected!
