[20:10:09.746][info] [#0:/home/ljc/.local/share/nvim/mason/packages/lua-language-server/libexec/main.lua:68]: Lua Lsp startup, root: 	/home/ljc/.local/share/nvim/mason/packages/lua-language-server/libexec
[20:10:09.746][info] [#0:/home/ljc/.local/share/nvim/mason/packages/lua-language-server/libexec/main.lua:69]: ROOT:	/home/ljc/.local/share/nvim/mason/packages/lua-language-server/libexec
[20:10:09.746][info] [#0:/home/ljc/.local/share/nvim/mason/packages/lua-language-server/libexec/main.lua:70]: LOGPATH:	/home/ljc/.local/share/nvim/mason/packages/lua-language-server/libexec/log
[20:10:09.746][info] [#0:/home/ljc/.local/share/nvim/mason/packages/lua-language-server/libexec/main.lua:71]: METAPATH:	/home/ljc/.local/share/nvim/mason/packages/lua-language-server/libexec/meta
[20:10:09.746][info] [#0:/home/ljc/.local/share/nvim/mason/packages/lua-language-server/libexec/main.lua:72]: VERSION:	3.13.9
[20:10:09.778][info] [#0:script/proto/proto.lua:260]: Listen Mode: stdio
[20:10:09.778][info] [#0:script/service/service.lua:145]: 
========= Medical Examination Report =========
    --------------- Memory ---------------
        Total: 2.257 MB
        # 00 : 2.257 MB
        # 01 : 0.000 MB
        # 02 : 0.000 MB
        # 03 : 0.000 MB
        # 04 : 0.000 MB
    --------------- Coroutine ---------------
        Total:     0
        Running:   0
        Suspended: 0
        Normal:    0
        Dead:      0
    --------------- Cache ---------------
        Total: 1
        Dead:  0
    ---------------  RPC  ---------------
        Holdon:   0
        Waiting:  0
==============================================
[20:10:09.884][info] [#0:script/client.lua:657]: Client init	{
  capabilities = {
    general = {
      positionEncodings = { "utf-8", "utf-16", "utf-32" }
    },
    textDocument = {
      callHierarchy = {
        dynamicRegistration = false
      },
      codeAction = {
        codeActionLiteralSupport = {
          codeActionKind = {
            valueSet = { "", "quickfix", "refactor", "refactor.extract", "refactor.inline", "refactor.rewrite", "source", "source.organizeImports" }
          }
        },
        dataSupport = true,
        dynamicRegistration = true,
        isPreferredSupport = true,
        resolveSupport = {
          properties = { "edit", "command" }
        }
      },
      codeLens = {
        dynamicRegistration = false,
        resolveSupport = {
          properties = { "command" }
        }
      },
      completion = {
        completionItem = {
          commitCharactersSupport = false,
          deprecatedSupport = true,
          documentationFormat = { "markdown", "plaintext" },
          preselectSupport = false,
          resolveSupport = {
            properties = { "additionalTextEdits", "command" }
          },
          snippetSupport = true,
          tagSupport = {
            valueSet = { 1 }
          }
        },
        completionItemKind = {
          valueSet = { 1, 2, 3, 4, 5, 6, 7, 8, 9, 10, 11, 12, 13, 14, 15, 16, 17, 18, 19, 20, 21, 22, 23, 24, 25 }
        },
        completionList = {
          itemDefaults = { "editRange", "insertTextFormat", "insertTextMode", "data" }
        },
        contextSupport = true,
        dynamicRegistration = false
      },
      declaration = {
        linkSupport = true
      },
      definition = {
        dynamicRegistration = true,
        linkSupport = true
      },
      diagnostic = {
        dynamicRegistration = false
      },
      documentHighlight = {
        dynamicRegistration = false
      },
      documentSymbol = {
        dynamicRegistration = false,
        hierarchicalDocumentSymbolSupport = true,
        symbolKind = {
          valueSet = { 1, 2, 3, 4, 5, 6, 7, 8, 9, 10, 11, 12, 13, 14, 15, 16, 17, 18, 19, 20, 21, 22, 23, 24, 25, 26 }
        }
      },
      foldingRange = {
        dynamicRegistration = false,
        foldingRange = {
          collapsedText = true
        },
        lineFoldingOnly = true
      },
      formatting = {
        dynamicRegistration = true
      },
      hover = {
        contentFormat = { "markdown", "plaintext" },
        dynamicRegistration = true
      },
      implementation = {
        linkSupport = true
      },
      inlayHint = {
        dynamicRegistration = true,
        resolveSupport = {
          properties = { "textEdits", "tooltip", "location", "command" }
        }
      },
      publishDiagnostics = {
        dataSupport = true,
        relatedInformation = true,
        tagSupport = {
          valueSet = { 1, 2 }
        }
      },
      rangeFormatting = {
        dynamicRegistration = true,
        rangesSupport = true
      },
      references = {
        dynamicRegistration = false
      },
      rename = {
        dynamicRegistration = true,
        prepareSupport = true
      },
      semanticTokens = {
        augmentsSyntaxTokens = true,
        dynamicRegistration = false,
        formats = { "relative" },
        multilineTokenSupport = false,
        overlappingTokenSupport = true,
        requests = {
          full = {
            delta = true
          },
          range = false
        },
        serverCancelSupport = false,
        tokenModifiers = { "declaration", "definition", "readonly", "static", "deprecated", "abstract", "async", "modification", "documentation", "defaultLibrary" },
        tokenTypes = { "namespace", "type", "class", "enum", "interface", "struct", "typeParameter", "parameter", "variable", "property", "enumMember", "event", "function", "method", "macro", "keyword", "modifier", "comment", "string", "number", "regexp", "operator", "decorator" }
      },
      signatureHelp = {
        dynamicRegistration = false,
        signatureInformation = {
          activeParameterSupport = true,
          documentationFormat = { "markdown", "plaintext" },
          parameterInformation = {
            labelOffsetSupport = true
          }
        }
      },
      synchronization = {
        didSave = true,
        dynamicRegistration = false,
        willSave = true,
        willSaveWaitUntil = true
      },
      typeDefinition = {
        linkSupport = true
      }
    },
    window = {
      showDocument = {
        support = true
      },
      showMessage = {
        messageActionItem = {
          additionalPropertiesSupport = true
        }
      },
      workDoneProgress = true
    },
    workspace = {
      applyEdit = true,
      configuration = true,
      didChangeConfiguration = {
        dynamicRegistration = false
      },
      didChangeWatchedFiles = {
        dynamicRegistration = false,
        relativePatternSupport = true
      },
      inlayHint = {
        refreshSupport = true
      },
      semanticTokens = {
        refreshSupport = true
      },
      symbol = {
        dynamicRegistration = false,
        symbolKind = {
          valueSet = { 1, 2, 3, 4, 5, 6, 7, 8, 9, 10, 11, 12, 13, 14, 15, 16, 17, 18, 19, 20, 21, 22, 23, 24, 25, 26 }
        }
      },
      workspaceEdit = {
        resourceOperations = { "rename", "create", "delete" }
      },
      workspaceFolders = true
    }
  },
  clientInfo = {
    name = "Neovim",
    version = "0.11.0+ga99c469e54"
  },
  initializationOptions = {},
  processId = 48460,
  rootPath = "/home/ljc/NvimConfig/Nvim-lua-4.4-2/.config/nvim",
  rootUri = "file:///home/ljc/NvimConfig/Nvim-lua-4.4-2/.config/nvim",
  trace = "off",
  workDoneToken = "1",
  workspaceFolders = { {
      name = "/home/ljc/NvimConfig/Nvim-lua-4.4-2/.config/nvim",
      uri = "file:///home/ljc/NvimConfig/Nvim-lua-4.4-2/.config/nvim"
    } }
}
[20:10:09.884][info] [#0:script/language.lua:137]: VSC language: nil
[20:10:09.884][info] [#0:script/language.lua:138]: LS  language: en-us
[20:10:09.884][info] [#0:script/workspace/workspace.lua:38]: Workspace init root: 	file:///home/ljc/NvimConfig/Nvim-lua-4.4-2/.config/nvim
[20:10:09.884][info] [#0:script/workspace/workspace.lua:42]: Log path: 	/home/ljc/.local/share/nvim/mason/packages/lua-language-server/libexec/log/file_home_ljc_NvimConfig_Nvim-lua-4.4-2_.config_nvim.log
[20:10:09.884][info] [#0:script/workspace/workspace.lua:48]: Workspace create: 	file:///home/ljc/NvimConfig/Nvim-lua-4.4-2/.config/nvim
[20:10:10.087][info] [#0:script/provider/provider.lua:49]: Load config from client	file:///home/ljc/NvimConfig/Nvim-lua-4.4-2/.config/nvim
[20:10:10.087][info] [#0:script/provider/provider.lua:50]: {
  Lua = {
    diagnostics = {
      disable = { "lowercase-global" },
      globals = { "vim" }
    },
    runtime = {
      version = "LuaJIT"
    },
    telemetry = {
      enable = false
    },
    workspace = {
      checkThirdParty = false,
      ignoreDir = { ".git", "node_modules", "lib", "meta", "Nvim-lua-4.4", "build", ".cache" },
      library = false,
      maxPreload = 5000,
      preloadFileSize = 500,
      propmt = false
    }
  }
}
[20:10:10.087][info] [#0:script/provider/provider.lua:49]: Load config from client	file:///home/ljc/NvimConfig/Nvim-lua-4.4-2/.config/nvim
[20:10:10.087][info] [#0:script/provider/provider.lua:50]: {
  Lua = {
    diagnostics = {
      disable = { "lowercase-global" },
      globals = { "vim" }
    },
    runtime = {
      version = "LuaJIT"
    },
    telemetry = {
      enable = false
    },
    workspace = {
      checkThirdParty = false,
      ignoreDir = { ".git", "node_modules", "lib", "meta", "Nvim-lua-4.4", "build", ".cache" },
      library = false,
      maxPreload = 5000,
      preloadFileSize = 500,
      propmt = false
    }
  }
}
[20:10:10.188][info] [#0:script/provider/provider.lua:65]: Load config from client	fallback
[20:10:10.188][info] [#0:script/provider/provider.lua:66]: {
  Lua = {
    diagnostics = {
      disable = { "lowercase-global" },
      globals = { "vim" }
    },
    runtime = {
      version = "LuaJIT"
    },
    telemetry = {
      enable = false
    },
    workspace = {
      checkThirdParty = false,
      ignoreDir = { ".git", "node_modules", "lib", "meta", "Nvim-lua-4.4", "build", ".cache" },
      library = false,
      maxPreload = 5000,
      preloadFileSize = 500,
      propmt = false
    }
  }
}
[20:10:10.188][info] [#0:script/provider/provider.lua:65]: Load config from client	fallback
[20:10:10.188][info] [#0:script/provider/provider.lua:66]: {
  Lua = {
    diagnostics = {
      disable = { "lowercase-global" },
      globals = { "vim" }
    },
    runtime = {
      version = "LuaJIT"
    },
    telemetry = {
      enable = false
    },
    workspace = {
      checkThirdParty = false,
      ignoreDir = { ".git", "node_modules", "lib", "meta", "Nvim-lua-4.4", "build", ".cache" },
      library = false,
      maxPreload = 5000,
      preloadFileSize = 500,
      propmt = false
    }
  }
}
[20:10:10.296][info] [#0:script/library.lua:212]: Init builtin library at:	file:///home/ljc/NvimConfig/Nvim-lua-4.4-2/.config/nvim
[20:10:10.306][info] [#0:script/library.lua:212]: Init builtin library at:	nil
[20:10:10.415][info] [#0:script/workspace/workspace.lua:324]: Preload start:	file:///home/ljc/NvimConfig/Nvim-lua-4.4-2/.config/nvim
[20:10:10.419][info] [#0:script/workspace/workspace.lua:330]: Scan files at:	file:///home/ljc/NvimConfig/Nvim-lua-4.4-2/.config/nvim
[20:10:10.419][info] [#0:script/workspace/workspace.lua:324]: Preload start:	<fallback>
[20:10:10.423][info] [#0:script/workspace/workspace.lua:353]: Scan library at:	file:///home/ljc/.local/share/nvim/mason/packages/lua-language-server/libexec/meta/LuaJIT%20en-us%20utf8/jit/profile.lua
[20:10:10.424][info] [#0:script/workspace/workspace.lua:353]: Scan library at:	file:///home/ljc/.local/share/nvim/mason/packages/lua-language-server/libexec/meta/LuaJIT%20en-us%20utf8/table/clear.lua
[20:10:10.424][info] [#0:script/workspace/workspace.lua:353]: Scan library at:	file:///home/ljc/.local/share/nvim/mason/packages/lua-language-server/libexec/meta/LuaJIT%20en-us%20utf8/table/new.lua
[20:10:10.424][info] [#0:script/workspace/workspace.lua:353]: Scan library at:	file:///home/ljc/.local/share/nvim/mason/packages/lua-language-server/libexec/meta/LuaJIT%20en-us%20utf8/math.lua
[20:10:10.424][info] [#0:script/workspace/workspace.lua:353]: Scan library at:	file:///home/ljc/.local/share/nvim/mason/packages/lua-language-server/libexec/meta/LuaJIT%20en-us%20utf8/bit.lua
[20:10:10.425][info] [#0:script/workspace/workspace.lua:353]: Scan library at:	file:///home/ljc/.local/share/nvim/mason/packages/lua-language-server/libexec/meta/LuaJIT%20en-us%20utf8/string.lua
[20:10:10.425][info] [#0:script/workspace/workspace.lua:353]: Scan library at:	file:///home/ljc/.local/share/nvim/mason/packages/lua-language-server/libexec/meta/LuaJIT%20en-us%20utf8/builtin.lua
[20:10:10.425][info] [#0:script/workspace/workspace.lua:353]: Scan library at:	file:///home/ljc/.local/share/nvim/mason/packages/lua-language-server/libexec/meta/LuaJIT%20en-us%20utf8/coroutine.lua
[20:10:10.426][info] [#0:script/workspace/workspace.lua:353]: Scan library at:	file:///home/ljc/.local/share/nvim/mason/packages/lua-language-server/libexec/meta/LuaJIT%20en-us%20utf8/ffi.lua
[20:10:10.426][info] [#0:script/workspace/workspace.lua:353]: Scan library at:	file:///home/ljc/.local/share/nvim/mason/packages/lua-language-server/libexec/meta/LuaJIT%20en-us%20utf8/jit.lua
[20:10:10.427][info] [#0:script/workspace/workspace.lua:353]: Scan library at:	file:///home/ljc/.local/share/nvim/mason/packages/lua-language-server/libexec/meta/LuaJIT%20en-us%20utf8/jit/util.lua
[20:10:10.427][info] [#0:script/workspace/workspace.lua:353]: Scan library at:	file:///home/ljc/.local/share/nvim/mason/packages/lua-language-server/libexec/meta/LuaJIT%20en-us%20utf8/debug.lua
[20:10:10.427][info] [#0:script/workspace/workspace.lua:353]: Scan library at:	file:///home/ljc/.local/share/nvim/mason/packages/lua-language-server/libexec/meta/LuaJIT%20en-us%20utf8/string/buffer.lua
[20:10:10.428][info] [#0:script/workspace/workspace.lua:353]: Scan library at:	file:///home/ljc/.local/share/nvim/mason/packages/lua-language-server/libexec/meta/LuaJIT%20en-us%20utf8/basic.lua
[20:10:10.428][info] [#0:script/workspace/workspace.lua:353]: Scan library at:	file:///home/ljc/.local/share/nvim/mason/packages/lua-language-server/libexec/meta/LuaJIT%20en-us%20utf8/io.lua
[20:10:10.428][info] [#0:script/workspace/workspace.lua:353]: Scan library at:	file:///home/ljc/.local/share/nvim/mason/packages/lua-language-server/libexec/meta/LuaJIT%20en-us%20utf8/package.lua
[20:10:10.428][info] [#0:script/workspace/workspace.lua:353]: Scan library at:	file:///home/ljc/.local/share/nvim/mason/packages/lua-language-server/libexec/meta/LuaJIT%20en-us%20utf8/os.lua
[20:10:10.429][info] [#0:script/workspace/workspace.lua:353]: Scan library at:	file:///home/ljc/.local/share/nvim/mason/packages/lua-language-server/libexec/meta/LuaJIT%20en-us%20utf8/table.lua
[20:10:10.429][info] [#0:script/workspace/workspace.lua:353]: Scan library at:	file:///home/ljc/.local/share/nvim/mason/packages/lua-language-server/libexec/meta/LuaJIT%20en-us%20utf8/jit/profile.lua
[20:10:10.429][info] [#0:script/workspace/workspace.lua:353]: Scan library at:	file:///home/ljc/.local/share/nvim/mason/packages/lua-language-server/libexec/meta/LuaJIT%20en-us%20utf8/table/clear.lua
[20:10:10.429][info] [#0:script/workspace/workspace.lua:353]: Scan library at:	file:///home/ljc/.local/share/nvim/mason/packages/lua-language-server/libexec/meta/LuaJIT%20en-us%20utf8/table/new.lua
[20:10:10.430][info] [#0:script/workspace/workspace.lua:353]: Scan library at:	file:///home/ljc/.local/share/nvim/mason/packages/lua-language-server/libexec/meta/LuaJIT%20en-us%20utf8/math.lua
[20:10:10.430][info] [#0:script/workspace/workspace.lua:353]: Scan library at:	file:///home/ljc/.local/share/nvim/mason/packages/lua-language-server/libexec/meta/LuaJIT%20en-us%20utf8/bit.lua
[20:10:10.430][info] [#0:script/workspace/workspace.lua:353]: Scan library at:	file:///home/ljc/.local/share/nvim/mason/packages/lua-language-server/libexec/meta/LuaJIT%20en-us%20utf8/string.lua
[20:10:10.430][info] [#0:script/workspace/workspace.lua:353]: Scan library at:	file:///home/ljc/.local/share/nvim/mason/packages/lua-language-server/libexec/meta/LuaJIT%20en-us%20utf8/builtin.lua
[20:10:10.430][info] [#0:script/workspace/workspace.lua:353]: Scan library at:	file:///home/ljc/.local/share/nvim/mason/packages/lua-language-server/libexec/meta/LuaJIT%20en-us%20utf8/coroutine.lua
[20:10:10.430][info] [#0:script/workspace/workspace.lua:353]: Scan library at:	file:///home/ljc/.local/share/nvim/mason/packages/lua-language-server/libexec/meta/LuaJIT%20en-us%20utf8/ffi.lua
[20:10:10.430][info] [#0:script/workspace/workspace.lua:353]: Scan library at:	file:///home/ljc/.local/share/nvim/mason/packages/lua-language-server/libexec/meta/LuaJIT%20en-us%20utf8/jit.lua
[20:10:10.430][info] [#0:script/workspace/workspace.lua:353]: Scan library at:	file:///home/ljc/.local/share/nvim/mason/packages/lua-language-server/libexec/meta/LuaJIT%20en-us%20utf8/jit/util.lua
[20:10:10.431][info] [#0:script/workspace/workspace.lua:353]: Scan library at:	file:///home/ljc/.local/share/nvim/mason/packages/lua-language-server/libexec/meta/LuaJIT%20en-us%20utf8/debug.lua
[20:10:10.431][info] [#0:script/workspace/workspace.lua:353]: Scan library at:	file:///home/ljc/.local/share/nvim/mason/packages/lua-language-server/libexec/meta/LuaJIT%20en-us%20utf8/string/buffer.lua
[20:10:10.431][info] [#0:script/workspace/workspace.lua:353]: Scan library at:	file:///home/ljc/.local/share/nvim/mason/packages/lua-language-server/libexec/meta/LuaJIT%20en-us%20utf8/basic.lua
[20:10:10.431][info] [#0:script/workspace/workspace.lua:353]: Scan library at:	file:///home/ljc/.local/share/nvim/mason/packages/lua-language-server/libexec/meta/LuaJIT%20en-us%20utf8/io.lua
[20:10:10.431][info] [#0:script/workspace/workspace.lua:353]: Scan library at:	file:///home/ljc/.local/share/nvim/mason/packages/lua-language-server/libexec/meta/LuaJIT%20en-us%20utf8/package.lua
[20:10:10.431][info] [#0:script/workspace/workspace.lua:353]: Scan library at:	file:///home/ljc/.local/share/nvim/mason/packages/lua-language-server/libexec/meta/LuaJIT%20en-us%20utf8/os.lua
[20:10:10.431][info] [#0:script/workspace/workspace.lua:353]: Scan library at:	file:///home/ljc/.local/share/nvim/mason/packages/lua-language-server/libexec/meta/LuaJIT%20en-us%20utf8/table.lua
[20:10:10.532][info] [#0:script/workspace/workspace.lua:379]: Found 18 files at:	<fallback>
[20:10:10.532][info] [#0:script/workspace/loading.lua:160]: Load files from disk:	<fallback>
[20:10:10.532][info] [#0:script/workspace/workspace.lua:379]: Found 36 files at:	file:///home/ljc/NvimConfig/Nvim-lua-4.4-2/.config/nvim
[20:10:10.532][info] [#0:script/workspace/loading.lua:160]: Load files from disk:	file:///home/ljc/NvimConfig/Nvim-lua-4.4-2/.config/nvim
[20:10:10.533][info] [#0:script/workspace/loading.lua:100]: Preload file at: file:///home/ljc/.local/share/nvim/mason/packages/lua-language-server/libexec/meta/LuaJIT%20en-us%20utf8/table.lua , size = 4.445 KB
[20:10:10.536][info] [#0:script/workspace/loading.lua:112]: ++++As library of:	file:///home/ljc/.local/share/nvim/mason/packages/lua-language-server/libexec/meta/LuaJIT%20en-us%20utf8/table.lua
[20:10:10.536][info] [#0:script/workspace/loading.lua:100]: Preload file at: file:///home/ljc/.local/share/nvim/mason/packages/lua-language-server/libexec/meta/LuaJIT%20en-us%20utf8/os.lua , size = 5.611 KB
[20:10:10.539][info] [#0:script/workspace/loading.lua:112]: ++++As library of:	file:///home/ljc/.local/share/nvim/mason/packages/lua-language-server/libexec/meta/LuaJIT%20en-us%20utf8/os.lua
[20:10:10.539][info] [#0:script/workspace/loading.lua:97]: Skip loaded file: file:///home/ljc/.local/share/nvim/mason/packages/lua-language-server/libexec/meta/LuaJIT%20en-us%20utf8/os.lua
[20:10:10.539][info] [#0:script/workspace/loading.lua:97]: Skip loaded file: file:///home/ljc/.local/share/nvim/mason/packages/lua-language-server/libexec/meta/LuaJIT%20en-us%20utf8/table.lua
[20:10:10.540][info] [#0:script/workspace/loading.lua:100]: Preload file at: file:///home/ljc/.local/share/nvim/mason/packages/lua-language-server/libexec/meta/LuaJIT%20en-us%20utf8/package.lua , size = 2.699 KB
[20:10:10.541][info] [#0:script/workspace/loading.lua:112]: ++++As library of:	file:///home/ljc/.local/share/nvim/mason/packages/lua-language-server/libexec/meta/LuaJIT%20en-us%20utf8/package.lua
[20:10:10.541][info] [#0:script/workspace/loading.lua:88]: Skip loaded file: file:///home/ljc/.local/share/nvim/mason/packages/lua-language-server/libexec/meta/LuaJIT%20en-us%20utf8/package.lua
[20:10:10.541][info] [#0:script/workspace/loading.lua:112]: ++++As library of:	file:///home/ljc/.local/share/nvim/mason/packages/lua-language-server/libexec/meta/LuaJIT%20en-us%20utf8/package.lua
[20:10:10.541][info] [#0:script/workspace/loading.lua:100]: Preload file at: file:///home/ljc/.local/share/nvim/mason/packages/lua-language-server/libexec/meta/LuaJIT%20en-us%20utf8/io.lua , size = 6.364 KB
[20:10:10.543][info] [#0:script/workspace/loading.lua:112]: ++++As library of:	file:///home/ljc/.local/share/nvim/mason/packages/lua-language-server/libexec/meta/LuaJIT%20en-us%20utf8/io.lua
[20:10:10.543][info] [#0:script/workspace/loading.lua:97]: Skip loaded file: file:///home/ljc/.local/share/nvim/mason/packages/lua-language-server/libexec/meta/LuaJIT%20en-us%20utf8/io.lua
[20:10:10.543][info] [#0:script/workspace/loading.lua:100]: Preload file at: file:///home/ljc/.local/share/nvim/mason/packages/lua-language-server/libexec/meta/LuaJIT%20en-us%20utf8/basic.lua , size = 15.443 KB
[20:10:10.551][info] [#0:script/workspace/loading.lua:112]: ++++As library of:	file:///home/ljc/.local/share/nvim/mason/packages/lua-language-server/libexec/meta/LuaJIT%20en-us%20utf8/basic.lua
[20:10:10.551][info] [#0:script/workspace/loading.lua:97]: Skip loaded file: file:///home/ljc/.local/share/nvim/mason/packages/lua-language-server/libexec/meta/LuaJIT%20en-us%20utf8/basic.lua
[20:10:10.552][info] [#0:script/workspace/loading.lua:100]: Preload file at: file:///home/ljc/.local/share/nvim/mason/packages/lua-language-server/libexec/meta/LuaJIT%20en-us%20utf8/string/buffer.lua , size = 18.123 KB
[20:10:10.557][info] [#0:script/workspace/loading.lua:112]: ++++As library of:	file:///home/ljc/.local/share/nvim/mason/packages/lua-language-server/libexec/meta/LuaJIT%20en-us%20utf8/string/buffer.lua
[20:10:10.557][info] [#0:script/workspace/loading.lua:97]: Skip loaded file: file:///home/ljc/.local/share/nvim/mason/packages/lua-language-server/libexec/meta/LuaJIT%20en-us%20utf8/string/buffer.lua
[20:10:10.557][info] [#0:script/workspace/loading.lua:100]: Preload file at: file:///home/ljc/.local/share/nvim/mason/packages/lua-language-server/libexec/meta/LuaJIT%20en-us%20utf8/debug.lua , size = 7.310 KB
[20:10:10.561][info] [#0:script/workspace/loading.lua:112]: ++++As library of:	file:///home/ljc/.local/share/nvim/mason/packages/lua-language-server/libexec/meta/LuaJIT%20en-us%20utf8/debug.lua
[20:10:10.561][info] [#0:script/workspace/loading.lua:88]: Skip loaded file: file:///home/ljc/.local/share/nvim/mason/packages/lua-language-server/libexec/meta/LuaJIT%20en-us%20utf8/debug.lua
[20:10:10.561][info] [#0:script/workspace/loading.lua:112]: ++++As library of:	file:///home/ljc/.local/share/nvim/mason/packages/lua-language-server/libexec/meta/LuaJIT%20en-us%20utf8/debug.lua
[20:10:10.562][info] [#0:script/workspace/loading.lua:100]: Preload file at: file:///home/ljc/.local/share/nvim/mason/packages/lua-language-server/libexec/meta/LuaJIT%20en-us%20utf8/jit/util.lua , size = 1.984 KB
[20:10:10.563][info] [#0:script/workspace/loading.lua:112]: ++++As library of:	file:///home/ljc/.local/share/nvim/mason/packages/lua-language-server/libexec/meta/LuaJIT%20en-us%20utf8/jit/util.lua
[20:10:10.563][info] [#0:script/workspace/loading.lua:100]: Preload file at: file:///home/ljc/.local/share/nvim/mason/packages/lua-language-server/libexec/meta/LuaJIT%20en-us%20utf8/jit.lua , size = 0.884 KB
[20:10:10.568][info] [#0:script/workspace/loading.lua:112]: ++++As library of:	file:///home/ljc/.local/share/nvim/mason/packages/lua-language-server/libexec/meta/LuaJIT%20en-us%20utf8/jit.lua
[20:10:10.568][info] [#0:script/workspace/loading.lua:97]: Skip loaded file: file:///home/ljc/.local/share/nvim/mason/packages/lua-language-server/libexec/meta/LuaJIT%20en-us%20utf8/jit/util.lua
[20:10:10.568][info] [#0:script/workspace/loading.lua:88]: Skip loaded file: file:///home/ljc/.local/share/nvim/mason/packages/lua-language-server/libexec/meta/LuaJIT%20en-us%20utf8/jit.lua
[20:10:10.568][info] [#0:script/workspace/loading.lua:112]: ++++As library of:	file:///home/ljc/.local/share/nvim/mason/packages/lua-language-server/libexec/meta/LuaJIT%20en-us%20utf8/jit.lua
[20:10:10.568][info] [#0:script/workspace/loading.lua:100]: Preload file at: file:///home/ljc/.local/share/nvim/mason/packages/lua-language-server/libexec/meta/LuaJIT%20en-us%20utf8/ffi.lua , size = 2.529 KB
[20:10:10.570][info] [#0:script/workspace/loading.lua:112]: ++++As library of:	file:///home/ljc/.local/share/nvim/mason/packages/lua-language-server/libexec/meta/LuaJIT%20en-us%20utf8/ffi.lua
[20:10:10.570][info] [#0:script/workspace/loading.lua:97]: Skip loaded file: file:///home/ljc/.local/share/nvim/mason/packages/lua-language-server/libexec/meta/LuaJIT%20en-us%20utf8/ffi.lua
[20:10:10.570][info] [#0:script/workspace/loading.lua:100]: Preload file at: file:///home/ljc/.local/share/nvim/mason/packages/lua-language-server/libexec/meta/LuaJIT%20en-us%20utf8/coroutine.lua , size = 2.541 KB
[20:10:10.571][info] [#0:script/workspace/loading.lua:112]: ++++As library of:	file:///home/ljc/.local/share/nvim/mason/packages/lua-language-server/libexec/meta/LuaJIT%20en-us%20utf8/coroutine.lua
[20:10:10.571][info] [#0:script/workspace/loading.lua:88]: Skip loaded file: file:///home/ljc/.local/share/nvim/mason/packages/lua-language-server/libexec/meta/LuaJIT%20en-us%20utf8/coroutine.lua
[20:10:10.571][info] [#0:script/workspace/loading.lua:112]: ++++As library of:	file:///home/ljc/.local/share/nvim/mason/packages/lua-language-server/libexec/meta/LuaJIT%20en-us%20utf8/coroutine.lua
[20:10:10.571][info] [#0:script/workspace/loading.lua:100]: Preload file at: file:///home/ljc/.local/share/nvim/mason/packages/lua-language-server/libexec/meta/LuaJIT%20en-us%20utf8/builtin.lua , size = 0.302 KB
[20:10:10.572][info] [#0:script/workspace/loading.lua:112]: ++++As library of:	file:///home/ljc/.local/share/nvim/mason/packages/lua-language-server/libexec/meta/LuaJIT%20en-us%20utf8/builtin.lua
[20:10:10.572][info] [#0:script/workspace/loading.lua:88]: Skip loaded file: file:///home/ljc/.local/share/nvim/mason/packages/lua-language-server/libexec/meta/LuaJIT%20en-us%20utf8/builtin.lua
[20:10:10.572][info] [#0:script/workspace/loading.lua:112]: ++++As library of:	file:///home/ljc/.local/share/nvim/mason/packages/lua-language-server/libexec/meta/LuaJIT%20en-us%20utf8/builtin.lua
[20:10:10.572][info] [#0:script/workspace/loading.lua:100]: Preload file at: file:///home/ljc/.local/share/nvim/mason/packages/lua-language-server/libexec/meta/LuaJIT%20en-us%20utf8/string.lua , size = 5.242 KB
[20:10:10.575][info] [#0:script/workspace/loading.lua:112]: ++++As library of:	file:///home/ljc/.local/share/nvim/mason/packages/lua-language-server/libexec/meta/LuaJIT%20en-us%20utf8/string.lua
[20:10:10.575][info] [#0:script/workspace/loading.lua:97]: Skip loaded file: file:///home/ljc/.local/share/nvim/mason/packages/lua-language-server/libexec/meta/LuaJIT%20en-us%20utf8/string.lua
[20:10:10.575][info] [#0:script/workspace/loading.lua:100]: Preload file at: file:///home/ljc/.local/share/nvim/mason/packages/lua-language-server/libexec/meta/LuaJIT%20en-us%20utf8/bit.lua , size = 1.243 KB
[20:10:10.576][info] [#0:script/workspace/loading.lua:112]: ++++As library of:	file:///home/ljc/.local/share/nvim/mason/packages/lua-language-server/libexec/meta/LuaJIT%20en-us%20utf8/bit.lua
[20:10:10.576][info] [#0:script/workspace/loading.lua:88]: Skip loaded file: file:///home/ljc/.local/share/nvim/mason/packages/lua-language-server/libexec/meta/LuaJIT%20en-us%20utf8/bit.lua
[20:10:10.576][info] [#0:script/workspace/loading.lua:112]: ++++As library of:	file:///home/ljc/.local/share/nvim/mason/packages/lua-language-server/libexec/meta/LuaJIT%20en-us%20utf8/bit.lua
[20:10:10.576][info] [#0:script/workspace/loading.lua:100]: Preload file at: file:///home/ljc/.local/share/nvim/mason/packages/lua-language-server/libexec/meta/LuaJIT%20en-us%20utf8/math.lua , size = 7.982 KB
[20:10:10.579][info] [#0:script/workspace/loading.lua:112]: ++++As library of:	file:///home/ljc/.local/share/nvim/mason/packages/lua-language-server/libexec/meta/LuaJIT%20en-us%20utf8/math.lua
[20:10:10.579][info] [#0:script/workspace/loading.lua:88]: Skip loaded file: file:///home/ljc/.local/share/nvim/mason/packages/lua-language-server/libexec/meta/LuaJIT%20en-us%20utf8/math.lua
[20:10:10.579][info] [#0:script/workspace/loading.lua:112]: ++++As library of:	file:///home/ljc/.local/share/nvim/mason/packages/lua-language-server/libexec/meta/LuaJIT%20en-us%20utf8/math.lua
[20:10:10.579][info] [#0:script/workspace/loading.lua:100]: Preload file at: file:///home/ljc/.local/share/nvim/mason/packages/lua-language-server/libexec/meta/LuaJIT%20en-us%20utf8/table/new.lua , size = 0.642 KB
[20:10:10.580][info] [#0:script/workspace/loading.lua:112]: ++++As library of:	file:///home/ljc/.local/share/nvim/mason/packages/lua-language-server/libexec/meta/LuaJIT%20en-us%20utf8/table/new.lua
[20:10:10.580][info] [#0:script/workspace/loading.lua:97]: Skip loaded file: file:///home/ljc/.local/share/nvim/mason/packages/lua-language-server/libexec/meta/LuaJIT%20en-us%20utf8/table/new.lua
[20:10:10.580][info] [#0:script/workspace/loading.lua:100]: Preload file at: file:///home/ljc/.local/share/nvim/mason/packages/lua-language-server/libexec/meta/LuaJIT%20en-us%20utf8/table/clear.lua , size = 0.797 KB
[20:10:10.580][info] [#0:script/workspace/loading.lua:112]: ++++As library of:	file:///home/ljc/.local/share/nvim/mason/packages/lua-language-server/libexec/meta/LuaJIT%20en-us%20utf8/table/clear.lua
[20:10:10.580][info] [#0:script/workspace/loading.lua:88]: Skip loaded file: file:///home/ljc/.local/share/nvim/mason/packages/lua-language-server/libexec/meta/LuaJIT%20en-us%20utf8/table/clear.lua
[20:10:10.580][info] [#0:script/workspace/loading.lua:112]: ++++As library of:	file:///home/ljc/.local/share/nvim/mason/packages/lua-language-server/libexec/meta/LuaJIT%20en-us%20utf8/table/clear.lua
[20:10:10.581][info] [#0:script/workspace/loading.lua:100]: Preload file at: file:///home/ljc/.local/share/nvim/mason/packages/lua-language-server/libexec/meta/LuaJIT%20en-us%20utf8/jit/profile.lua , size = 0.348 KB
[20:10:10.581][info] [#0:script/workspace/loading.lua:112]: ++++As library of:	file:///home/ljc/.local/share/nvim/mason/packages/lua-language-server/libexec/meta/LuaJIT%20en-us%20utf8/jit/profile.lua
[20:10:10.581][info] [#0:script/workspace/loading.lua:97]: Skip loaded file: file:///home/ljc/.local/share/nvim/mason/packages/lua-language-server/libexec/meta/LuaJIT%20en-us%20utf8/jit/profile.lua
[20:10:10.581][info] [#0:script/workspace/loading.lua:172]: Loaded files takes [0.050] sec: <fallback>
[20:10:10.581][info] [#0:script/workspace/loading.lua:181]: Compile files takes [0.000] sec: <fallback>
[20:10:10.581][info] [#0:script/workspace/loading.lua:182]: Loaded finish:	<fallback>
[20:10:10.581][info] [#0:script/workspace/workspace.lua:381]: Preload finish at:	<fallback>
[20:10:10.583][info] [#0:script/workspace/loading.lua:100]: Preload file at: file:///home/ljc/NvimConfig/Nvim-lua-4.4-2/.config/nvim/lua/plugins/indent.lua , size = 0.903 KB
[20:10:10.584][info] [#0:script/workspace/loading.lua:100]: Preload file at: file:///home/ljc/NvimConfig/Nvim-lua-4.4-2/.config/nvim/lua/plugins/vim-illuminate.lua , size = 1.159 KB
[20:10:10.584][info] [#0:script/workspace/loading.lua:100]: Preload file at: file:///home/ljc/NvimConfig/Nvim-lua-4.4-2/.config/nvim/lua/plugins/nvim-scrollbar.lua , size = 1.040 KB
[20:10:10.585][info] [#0:script/workspace/loading.lua:100]: Preload file at: file:///home/ljc/NvimConfig/Nvim-lua-4.4-2/.config/nvim/lua/plugins/aerial.lua , size = 1.746 KB
[20:10:10.585][info] [#0:script/workspace/loading.lua:100]: Preload file at: file:///home/ljc/NvimConfig/Nvim-lua-4.4-2/.config/nvim/lua/plugins/editor.lua , size = 1.710 KB
[20:10:10.586][info] [#0:script/workspace/loading.lua:100]: Preload file at: file:///home/ljc/NvimConfig/Nvim-lua-4.4-2/.config/nvim/lua/plugins/nvim-web-devicons.lua , size = 0.389 KB
[20:10:10.587][info] [#0:script/workspace/loading.lua:100]: Preload file at: file:///home/ljc/NvimConfig/Nvim-lua-4.4-2/.config/nvim/lua/plugins/nvim-treesitter.lua , size = 3.388 KB
[20:10:10.587][info] [#0:script/workspace/loading.lua:100]: Preload file at: file:///home/ljc/NvimConfig/Nvim-lua-4.4-2/.config/nvim/lua/plugins/nvim-tree.lua , size = 2.287 KB
[20:10:10.589][info] [#0:script/workspace/loading.lua:100]: Preload file at: file:///home/ljc/NvimConfig/Nvim-lua-4.4-2/.config/nvim/lua/plugins/fidget.lua , size = 1.162 KB
[20:10:10.589][info] [#0:script/workspace/loading.lua:100]: Preload file at: file:///home/ljc/NvimConfig/Nvim-lua-4.4-2/.config/nvim/lua/plugins/colorscheme.lua , size = 1.094 KB
[20:10:10.593][info] [#0:script/workspace/loading.lua:100]: Preload file at: file:///home/ljc/NvimConfig/Nvim-lua-4.4-2/.config/nvim/lua/plugins/gitsigns.lua , size = 2.414 KB
[20:10:10.593][info] [#0:script/workspace/loading.lua:100]: Preload file at: file:///home/ljc/NvimConfig/Nvim-lua-4.4-2/.config/nvim/lua/config/keymaps.lua , size = 0.915 KB
[20:10:10.594][info] [#0:script/workspace/loading.lua:100]: Preload file at: file:///home/ljc/NvimConfig/Nvim-lua-4.4-2/.config/nvim/lua/config/default.lua , size = 1.165 KB
[20:10:10.594][info] [#0:script/workspace/loading.lua:100]: Preload file at: file:///home/ljc/NvimConfig/Nvim-lua-4.4-2/.config/nvim/lua/config/autocmd.lua , size = 1.999 KB
[20:10:10.595][info] [#0:script/workspace/loading.lua:100]: Preload file at: file:///home/ljc/NvimConfig/Nvim-lua-4.4-2/.config/nvim/lua/lsp/mason.lua , size = 1.463 KB
[20:10:10.596][info] [#0:script/workspace/loading.lua:100]: Preload file at: file:///home/ljc/NvimConfig/Nvim-lua-4.4-2/.config/nvim/lua/lsp/nvim-cmp.lua , size = 2.113 KB
[20:10:10.597][info] [#0:script/workspace/loading.lua:100]: Preload file at: file:///home/ljc/NvimConfig/Nvim-lua-4.4-2/.config/nvim/lua/lsp/lspconfig.lua , size = 5.158 KB
[20:10:10.598][info] [#0:script/workspace/loading.lua:88]: Skip loaded file: file:///home/ljc/NvimConfig/Nvim-lua-4.4-2/.config/nvim/init.lua
[20:10:10.598][info] [#0:script/workspace/loading.lua:172]: Loaded files takes [0.067] sec: file:///home/ljc/NvimConfig/Nvim-lua-4.4-2/.config/nvim
[20:10:10.598][info] [#0:script/workspace/loading.lua:181]: Compile files takes [0.000] sec: file:///home/ljc/NvimConfig/Nvim-lua-4.4-2/.config/nvim
[20:10:10.598][info] [#0:script/workspace/loading.lua:182]: Loaded finish:	file:///home/ljc/NvimConfig/Nvim-lua-4.4-2/.config/nvim
[20:10:10.598][info] [#0:script/workspace/workspace.lua:381]: Preload finish at:	file:///home/ljc/NvimConfig/Nvim-lua-4.4-2/.config/nvim
[20:10:10.601][info] [#0:script/provider/diagnostic.lua:560]: Diagnostics scope [file:///home/ljc/NvimConfig/Nvim-lua-4.4-2/.config/nvim], files count:[36]
[20:10:10.864][info] [#0:script/provider/diagnostic.lua:577]: Diagnostics scope [file:///home/ljc/NvimConfig/Nvim-lua-4.4-2/.config/nvim] finished, takes [0.121] sec.
[20:10:13.166][warn] [#0:script/pub/report.lua:24]: Load proto error:	Disconnected!
