[13:03:29.876][info] [#0:/home/ljc/.local/share/nvim/mason/packages/lua-language-server/libexec/main.lua:68]: Lua Lsp startup, root: 	/home/ljc/.local/share/nvim/mason/packages/lua-language-server/libexec
[13:03:29.876][info] [#0:/home/ljc/.local/share/nvim/mason/packages/lua-language-server/libexec/main.lua:69]: ROOT:	/home/ljc/.local/share/nvim/mason/packages/lua-language-server/libexec
[13:03:29.876][info] [#0:/home/ljc/.local/share/nvim/mason/packages/lua-language-server/libexec/main.lua:70]: LOGPATH:	/home/ljc/.local/share/nvim/mason/packages/lua-language-server/libexec/log
[13:03:29.876][info] [#0:/home/ljc/.local/share/nvim/mason/packages/lua-language-server/libexec/main.lua:71]: METAPATH:	/home/ljc/.local/share/nvim/mason/packages/lua-language-server/libexec/meta
[13:03:29.876][info] [#0:/home/ljc/.local/share/nvim/mason/packages/lua-language-server/libexec/main.lua:72]: VERSION:	3.13.9
[13:03:29.894][info] [#0:script/proto/proto.lua:260]: Listen Mode: stdio
[13:03:29.894][info] [#0:script/service/service.lua:145]: 
========= Medical Examination Report =========
    --------------- Memory ---------------
        Total: 2.257 MB
        # 00 : 2.257 MB
        # 01 : 0.000 MB
        # 02 : 0.000 MB
        # 03 : 0.000 MB
        # 04 : 0.000 MB
    --------------- Coroutine ---------------
        Total:     0
        Running:   0
        Suspended: 0
        Normal:    0
        Dead:      0
    --------------- Cache ---------------
        Total: 1
        Dead:  0
    ---------------  RPC  ---------------
        Holdon:   0
        Waiting:  0
==============================================
[13:03:29.999][info] [#0:script/client.lua:657]: Client init	{
  capabilities = {
    general = {
      positionEncodings = { "utf-8", "utf-16", "utf-32" }
    },
    textDocument = {
      callHierarchy = {
        dynamicRegistration = false
      },
      codeAction = {
        codeActionLiteralSupport = {
          codeActionKind = {
            valueSet = { "", "quickfix", "refactor", "refactor.extract", "refactor.inline", "refactor.rewrite", "source", "source.organizeImports" }
          }
        },
        dataSupport = true,
        dynamicRegistration = true,
        isPreferredSupport = true,
        resolveSupport = {
          properties = { "edit", "command" }
        }
      },
      codeLens = {
        dynamicRegistration = false,
        resolveSupport = {
          properties = { "command" }
        }
      },
      completion = {
        completionItem = {
          commitCharactersSupport = false,
          deprecatedSupport = true,
          documentationFormat = { "markdown", "plaintext" },
          preselectSupport = false,
          resolveSupport = {
            properties = { "additionalTextEdits", "command" }
          },
          snippetSupport = true,
          tagSupport = {
            valueSet = { 1 }
          }
        },
        completionItemKind = {
          valueSet = { 1, 2, 3, 4, 5, 6, 7, 8, 9, 10, 11, 12, 13, 14, 15, 16, 17, 18, 19, 20, 21, 22, 23, 24, 25 }
        },
        completionList = {
          itemDefaults = { "editRange", "insertTextFormat", "insertTextMode", "data" }
        },
        contextSupport = true,
        dynamicRegistration = false
      },
      declaration = {
        linkSupport = true
      },
      definition = {
        dynamicRegistration = true,
        linkSupport = true
      },
      diagnostic = {
        dynamicRegistration = false
      },
      documentHighlight = {
        dynamicRegistration = false
      },
      documentSymbol = {
        dynamicRegistration = false,
        hierarchicalDocumentSymbolSupport = true,
        symbolKind = {
          valueSet = { 1, 2, 3, 4, 5, 6, 7, 8, 9, 10, 11, 12, 13, 14, 15, 16, 17, 18, 19, 20, 21, 22, 23, 24, 25, 26 }
        }
      },
      foldingRange = {
        dynamicRegistration = false,
        foldingRange = {
          collapsedText = true
        },
        lineFoldingOnly = true
      },
      formatting = {
        dynamicRegistration = true
      },
      hover = {
        contentFormat = { "markdown", "plaintext" },
        dynamicRegistration = true
      },
      implementation = {
        linkSupport = true
      },
      inlayHint = {
        dynamicRegistration = true,
        resolveSupport = {
          properties = { "textEdits", "tooltip", "location", "command" }
        }
      },
      publishDiagnostics = {
        dataSupport = true,
        relatedInformation = true,
        tagSupport = {
          valueSet = { 1, 2 }
        }
      },
      rangeFormatting = {
        dynamicRegistration = true,
        rangesSupport = true
      },
      references = {
        dynamicRegistration = false
      },
      rename = {
        dynamicRegistration = true,
        prepareSupport = true
      },
      semanticTokens = {
        augmentsSyntaxTokens = true,
        dynamicRegistration = false,
        formats = { "relative" },
        multilineTokenSupport = false,
        overlappingTokenSupport = true,
        requests = {
          full = {
            delta = true
          },
          range = false
        },
        serverCancelSupport = false,
        tokenModifiers = { "declaration", "definition", "readonly", "static", "deprecated", "abstract", "async", "modification", "documentation", "defaultLibrary" },
        tokenTypes = { "namespace", "type", "class", "enum", "interface", "struct", "typeParameter", "parameter", "variable", "property", "enumMember", "event", "function", "method", "macro", "keyword", "modifier", "comment", "string", "number", "regexp", "operator", "decorator" }
      },
      signatureHelp = {
        dynamicRegistration = false,
        signatureInformation = {
          activeParameterSupport = true,
          documentationFormat = { "markdown", "plaintext" },
          parameterInformation = {
            labelOffsetSupport = true
          }
        }
      },
      synchronization = {
        didSave = true,
        dynamicRegistration = false,
        willSave = true,
        willSaveWaitUntil = true
      },
      typeDefinition = {
        linkSupport = true
      }
    },
    window = {
      showDocument = {
        support = true
      },
      showMessage = {
        messageActionItem = {
          additionalPropertiesSupport = true
        }
      },
      workDoneProgress = true
    },
    workspace = {
      applyEdit = true,
      configuration = true,
      didChangeConfiguration = {
        dynamicRegistration = false
      },
      didChangeWatchedFiles = {
        dynamicRegistration = false,
        relativePatternSupport = true
      },
      inlayHint = {
        refreshSupport = true
      },
      semanticTokens = {
        refreshSupport = true
      },
      symbol = {
        dynamicRegistration = false,
        symbolKind = {
          valueSet = { 1, 2, 3, 4, 5, 6, 7, 8, 9, 10, 11, 12, 13, 14, 15, 16, 17, 18, 19, 20, 21, 22, 23, 24, 25, 26 }
        }
      },
      workspaceEdit = {
        resourceOperations = { "rename", "create", "delete" }
      },
      workspaceFolders = true
    }
  },
  clientInfo = {
    name = "Neovim",
    version = "0.11.0+ga99c469e54"
  },
  initializationOptions = {},
  processId = 40010,
  rootPath = "/home/ljc/workspace",
  rootUri = "file:///home/ljc/workspace",
  trace = "off",
  workDoneToken = "1",
  workspaceFolders = { {
      name = "/home/ljc/workspace",
      uri = "file:///home/ljc/workspace"
    } }
}
[13:03:29.999][info] [#0:script/language.lua:137]: VSC language: nil
[13:03:29.999][info] [#0:script/language.lua:138]: LS  language: en-us
[13:03:29.999][info] [#0:script/workspace/workspace.lua:38]: Workspace init root: 	file:///home/ljc/workspace
[13:03:29.999][info] [#0:script/workspace/workspace.lua:42]: Log path: 	/home/ljc/.local/share/nvim/mason/packages/lua-language-server/libexec/log/file_home_ljc_workspace.log
[13:03:29.999][info] [#0:script/workspace/workspace.lua:48]: Workspace create: 	file:///home/ljc/workspace
[13:03:30.302][info] [#0:script/provider/provider.lua:49]: Load config from client	file:///home/ljc/workspace
[13:03:30.302][info] [#0:script/provider/provider.lua:50]: {
  Lua = {
    diagnostics = {
      disable = { "lowercase-global" },
      globals = { "vim" }
    },
    runtime = {
      version = "LuaJIT"
    },
    telemetry = {
      enable = false
    },
    workspace = {
      checkThirdParty = false,
      ignoreDir = { ".git", "node_modules", "lib", "meta", "Nvim-lua-4.4", "build", ".cache" },
      library = false,
      maxPreload = 5000,
      preloadFileSize = 500,
      propmt = false
    }
  }
}
[13:03:30.302][info] [#0:script/provider/provider.lua:56]: Load config from .luarc.json/.luarc.jsonc	file:///home/ljc/workspace
[13:03:30.302][info] [#0:script/provider/provider.lua:57]: {
  ["workspace.maxPreload"] = 10000
}
[13:03:30.302][info] [#0:script/provider/provider.lua:49]: Load config from client	file:///home/ljc/workspace
[13:03:30.302][info] [#0:script/provider/provider.lua:50]: {
  Lua = {
    diagnostics = {
      disable = { "lowercase-global" },
      globals = { "vim" }
    },
    runtime = {
      version = "LuaJIT"
    },
    telemetry = {
      enable = false
    },
    workspace = {
      checkThirdParty = false,
      ignoreDir = { ".git", "node_modules", "lib", "meta", "Nvim-lua-4.4", "build", ".cache" },
      library = false,
      maxPreload = 5000,
      preloadFileSize = 500,
      propmt = false
    }
  }
}
[13:03:30.302][info] [#0:script/provider/provider.lua:56]: Load config from .luarc.json/.luarc.jsonc	file:///home/ljc/workspace
[13:03:30.302][info] [#0:script/provider/provider.lua:57]: {
  ["workspace.maxPreload"] = 10000
}
[13:03:30.403][info] [#0:script/provider/provider.lua:65]: Load config from client	fallback
[13:03:30.403][info] [#0:script/provider/provider.lua:66]: {
  Lua = {
    diagnostics = {
      disable = { "lowercase-global" },
      globals = { "vim" }
    },
    runtime = {
      version = "LuaJIT"
    },
    telemetry = {
      enable = false
    },
    workspace = {
      checkThirdParty = false,
      ignoreDir = { ".git", "node_modules", "lib", "meta", "Nvim-lua-4.4", "build", ".cache" },
      library = false,
      maxPreload = 5000,
      preloadFileSize = 500,
      propmt = false
    }
  }
}
[13:03:30.403][info] [#0:script/provider/provider.lua:65]: Load config from client	fallback
[13:03:30.403][info] [#0:script/provider/provider.lua:66]: {
  Lua = {
    diagnostics = {
      disable = { "lowercase-global" },
      globals = { "vim" }
    },
    runtime = {
      version = "LuaJIT"
    },
    telemetry = {
      enable = false
    },
    workspace = {
      checkThirdParty = false,
      ignoreDir = { ".git", "node_modules", "lib", "meta", "Nvim-lua-4.4", "build", ".cache" },
      library = false,
      maxPreload = 5000,
      preloadFileSize = 500,
      propmt = false
    }
  }
}
[13:03:30.521][info] [#0:script/library.lua:212]: Init builtin library at:	file:///home/ljc/workspace
[13:03:30.551][info] [#0:script/library.lua:212]: Init builtin library at:	nil
[13:03:30.659][info] [#0:script/workspace/workspace.lua:324]: Preload start:	file:///home/ljc/workspace
[13:03:30.664][info] [#0:script/workspace/workspace.lua:330]: Scan files at:	file:///home/ljc/workspace
[13:03:30.664][info] [#0:script/workspace/workspace.lua:324]: Preload start:	<fallback>
[13:03:30.667][info] [#0:script/workspace/workspace.lua:353]: Scan library at:	file:///home/ljc/.local/share/nvim/mason/packages/lua-language-server/libexec/meta/LuaJIT%20en-us%20utf8/jit/profile.lua
[13:03:30.668][info] [#0:script/workspace/workspace.lua:353]: Scan library at:	file:///home/ljc/.local/share/nvim/mason/packages/lua-language-server/libexec/meta/LuaJIT%20en-us%20utf8/table/clear.lua
[13:03:30.668][info] [#0:script/workspace/workspace.lua:353]: Scan library at:	file:///home/ljc/.local/share/nvim/mason/packages/lua-language-server/libexec/meta/LuaJIT%20en-us%20utf8/table/new.lua
[13:03:30.668][info] [#0:script/workspace/workspace.lua:353]: Scan library at:	file:///home/ljc/.local/share/nvim/mason/packages/lua-language-server/libexec/meta/LuaJIT%20en-us%20utf8/math.lua
[13:03:30.668][info] [#0:script/workspace/workspace.lua:353]: Scan library at:	file:///home/ljc/.local/share/nvim/mason/packages/lua-language-server/libexec/meta/LuaJIT%20en-us%20utf8/bit.lua
[13:03:30.669][info] [#0:script/workspace/workspace.lua:353]: Scan library at:	file:///home/ljc/.local/share/nvim/mason/packages/lua-language-server/libexec/meta/LuaJIT%20en-us%20utf8/string.lua
[13:03:30.669][info] [#0:script/workspace/workspace.lua:353]: Scan library at:	file:///home/ljc/.local/share/nvim/mason/packages/lua-language-server/libexec/meta/LuaJIT%20en-us%20utf8/builtin.lua
[13:03:30.669][info] [#0:script/workspace/workspace.lua:353]: Scan library at:	file:///home/ljc/.local/share/nvim/mason/packages/lua-language-server/libexec/meta/LuaJIT%20en-us%20utf8/coroutine.lua
[13:03:30.670][info] [#0:script/workspace/workspace.lua:353]: Scan library at:	file:///home/ljc/.local/share/nvim/mason/packages/lua-language-server/libexec/meta/LuaJIT%20en-us%20utf8/ffi.lua
[13:03:30.670][info] [#0:script/workspace/workspace.lua:353]: Scan library at:	file:///home/ljc/.local/share/nvim/mason/packages/lua-language-server/libexec/meta/LuaJIT%20en-us%20utf8/jit.lua
[13:03:30.670][info] [#0:script/workspace/workspace.lua:353]: Scan library at:	file:///home/ljc/.local/share/nvim/mason/packages/lua-language-server/libexec/meta/LuaJIT%20en-us%20utf8/jit/util.lua
[13:03:30.671][info] [#0:script/workspace/workspace.lua:353]: Scan library at:	file:///home/ljc/.local/share/nvim/mason/packages/lua-language-server/libexec/meta/LuaJIT%20en-us%20utf8/debug.lua
[13:03:30.672][info] [#0:script/workspace/workspace.lua:353]: Scan library at:	file:///home/ljc/.local/share/nvim/mason/packages/lua-language-server/libexec/meta/LuaJIT%20en-us%20utf8/string/buffer.lua
[13:03:30.672][info] [#0:script/workspace/workspace.lua:353]: Scan library at:	file:///home/ljc/.local/share/nvim/mason/packages/lua-language-server/libexec/meta/LuaJIT%20en-us%20utf8/basic.lua
[13:03:30.672][info] [#0:script/workspace/workspace.lua:353]: Scan library at:	file:///home/ljc/.local/share/nvim/mason/packages/lua-language-server/libexec/meta/LuaJIT%20en-us%20utf8/io.lua
[13:03:30.672][info] [#0:script/workspace/workspace.lua:353]: Scan library at:	file:///home/ljc/.local/share/nvim/mason/packages/lua-language-server/libexec/meta/LuaJIT%20en-us%20utf8/package.lua
[13:03:30.673][info] [#0:script/workspace/workspace.lua:353]: Scan library at:	file:///home/ljc/.local/share/nvim/mason/packages/lua-language-server/libexec/meta/LuaJIT%20en-us%20utf8/os.lua
[13:03:30.673][info] [#0:script/workspace/workspace.lua:353]: Scan library at:	file:///home/ljc/.local/share/nvim/mason/packages/lua-language-server/libexec/meta/LuaJIT%20en-us%20utf8/table.lua
[13:03:30.674][info] [#0:script/workspace/workspace.lua:353]: Scan library at:	file:///home/ljc/.local/share/nvim/mason/packages/lua-language-server/libexec/meta/LuaJIT%20en-us%20utf8/jit/profile.lua
[13:03:30.674][info] [#0:script/workspace/workspace.lua:353]: Scan library at:	file:///home/ljc/.local/share/nvim/mason/packages/lua-language-server/libexec/meta/LuaJIT%20en-us%20utf8/table/clear.lua
[13:03:30.674][info] [#0:script/workspace/workspace.lua:353]: Scan library at:	file:///home/ljc/.local/share/nvim/mason/packages/lua-language-server/libexec/meta/LuaJIT%20en-us%20utf8/table/new.lua
[13:03:30.674][info] [#0:script/workspace/workspace.lua:353]: Scan library at:	file:///home/ljc/.local/share/nvim/mason/packages/lua-language-server/libexec/meta/LuaJIT%20en-us%20utf8/math.lua
[13:03:30.674][info] [#0:script/workspace/workspace.lua:353]: Scan library at:	file:///home/ljc/.local/share/nvim/mason/packages/lua-language-server/libexec/meta/LuaJIT%20en-us%20utf8/bit.lua
[13:03:30.674][info] [#0:script/workspace/workspace.lua:353]: Scan library at:	file:///home/ljc/.local/share/nvim/mason/packages/lua-language-server/libexec/meta/LuaJIT%20en-us%20utf8/string.lua
[13:03:30.674][info] [#0:script/workspace/workspace.lua:353]: Scan library at:	file:///home/ljc/.local/share/nvim/mason/packages/lua-language-server/libexec/meta/LuaJIT%20en-us%20utf8/builtin.lua
[13:03:30.674][info] [#0:script/workspace/workspace.lua:353]: Scan library at:	file:///home/ljc/.local/share/nvim/mason/packages/lua-language-server/libexec/meta/LuaJIT%20en-us%20utf8/coroutine.lua
[13:03:30.674][info] [#0:script/workspace/workspace.lua:353]: Scan library at:	file:///home/ljc/.local/share/nvim/mason/packages/lua-language-server/libexec/meta/LuaJIT%20en-us%20utf8/ffi.lua
[13:03:30.675][info] [#0:script/workspace/workspace.lua:353]: Scan library at:	file:///home/ljc/.local/share/nvim/mason/packages/lua-language-server/libexec/meta/LuaJIT%20en-us%20utf8/jit.lua
[13:03:30.675][info] [#0:script/workspace/workspace.lua:353]: Scan library at:	file:///home/ljc/.local/share/nvim/mason/packages/lua-language-server/libexec/meta/LuaJIT%20en-us%20utf8/jit/util.lua
[13:03:30.675][info] [#0:script/workspace/workspace.lua:353]: Scan library at:	file:///home/ljc/.local/share/nvim/mason/packages/lua-language-server/libexec/meta/LuaJIT%20en-us%20utf8/debug.lua
[13:03:30.675][info] [#0:script/workspace/workspace.lua:353]: Scan library at:	file:///home/ljc/.local/share/nvim/mason/packages/lua-language-server/libexec/meta/LuaJIT%20en-us%20utf8/string/buffer.lua
[13:03:30.675][info] [#0:script/workspace/workspace.lua:353]: Scan library at:	file:///home/ljc/.local/share/nvim/mason/packages/lua-language-server/libexec/meta/LuaJIT%20en-us%20utf8/basic.lua
[13:03:30.675][info] [#0:script/workspace/workspace.lua:353]: Scan library at:	file:///home/ljc/.local/share/nvim/mason/packages/lua-language-server/libexec/meta/LuaJIT%20en-us%20utf8/io.lua
[13:03:30.676][info] [#0:script/workspace/workspace.lua:353]: Scan library at:	file:///home/ljc/.local/share/nvim/mason/packages/lua-language-server/libexec/meta/LuaJIT%20en-us%20utf8/package.lua
[13:03:30.676][info] [#0:script/workspace/workspace.lua:353]: Scan library at:	file:///home/ljc/.local/share/nvim/mason/packages/lua-language-server/libexec/meta/LuaJIT%20en-us%20utf8/os.lua
[13:03:30.676][info] [#0:script/workspace/workspace.lua:353]: Scan library at:	file:///home/ljc/.local/share/nvim/mason/packages/lua-language-server/libexec/meta/LuaJIT%20en-us%20utf8/table.lua
[13:03:30.777][info] [#0:script/workspace/workspace.lua:379]: Found 18 files at:	<fallback>
[13:03:30.777][info] [#0:script/workspace/loading.lua:160]: Load files from disk:	<fallback>
[13:03:30.777][info] [#0:script/workspace/workspace.lua:379]: Found 19 files at:	file:///home/ljc/workspace
[13:03:30.777][info] [#0:script/workspace/loading.lua:160]: Load files from disk:	file:///home/ljc/workspace
[13:03:30.777][info] [#0:script/workspace/loading.lua:100]: Preload file at: file:///home/ljc/.local/share/nvim/mason/packages/lua-language-server/libexec/meta/LuaJIT%20en-us%20utf8/table.lua , size = 4.445 KB
[13:03:30.780][info] [#0:script/workspace/loading.lua:112]: ++++As library of:	file:///home/ljc/.local/share/nvim/mason/packages/lua-language-server/libexec/meta/LuaJIT%20en-us%20utf8/table.lua
[13:03:30.780][info] [#0:script/workspace/loading.lua:97]: Skip loaded file: file:///home/ljc/.local/share/nvim/mason/packages/lua-language-server/libexec/meta/LuaJIT%20en-us%20utf8/table.lua
[13:03:30.780][info] [#0:script/workspace/loading.lua:100]: Preload file at: file:///home/ljc/.local/share/nvim/mason/packages/lua-language-server/libexec/meta/LuaJIT%20en-us%20utf8/os.lua , size = 5.611 KB
[13:03:30.783][info] [#0:script/workspace/loading.lua:112]: ++++As library of:	file:///home/ljc/.local/share/nvim/mason/packages/lua-language-server/libexec/meta/LuaJIT%20en-us%20utf8/os.lua
[13:03:30.783][info] [#0:script/workspace/loading.lua:88]: Skip loaded file: file:///home/ljc/.local/share/nvim/mason/packages/lua-language-server/libexec/meta/LuaJIT%20en-us%20utf8/os.lua
[13:03:30.784][info] [#0:script/workspace/loading.lua:112]: ++++As library of:	file:///home/ljc/.local/share/nvim/mason/packages/lua-language-server/libexec/meta/LuaJIT%20en-us%20utf8/os.lua
[13:03:30.784][info] [#0:script/workspace/loading.lua:100]: Preload file at: file:///home/ljc/.local/share/nvim/mason/packages/lua-language-server/libexec/meta/LuaJIT%20en-us%20utf8/package.lua , size = 2.699 KB
[13:03:30.785][info] [#0:script/workspace/loading.lua:112]: ++++As library of:	file:///home/ljc/.local/share/nvim/mason/packages/lua-language-server/libexec/meta/LuaJIT%20en-us%20utf8/package.lua
[13:03:30.785][info] [#0:script/workspace/loading.lua:97]: Skip loaded file: file:///home/ljc/.local/share/nvim/mason/packages/lua-language-server/libexec/meta/LuaJIT%20en-us%20utf8/package.lua
[13:03:30.786][info] [#0:script/workspace/loading.lua:100]: Preload file at: file:///home/ljc/.local/share/nvim/mason/packages/lua-language-server/libexec/meta/LuaJIT%20en-us%20utf8/io.lua , size = 6.364 KB
[13:03:30.788][info] [#0:script/workspace/loading.lua:112]: ++++As library of:	file:///home/ljc/.local/share/nvim/mason/packages/lua-language-server/libexec/meta/LuaJIT%20en-us%20utf8/io.lua
[13:03:30.788][info] [#0:script/workspace/loading.lua:97]: Skip loaded file: file:///home/ljc/.local/share/nvim/mason/packages/lua-language-server/libexec/meta/LuaJIT%20en-us%20utf8/io.lua
[13:03:30.789][info] [#0:script/workspace/loading.lua:100]: Preload file at: file:///home/ljc/.local/share/nvim/mason/packages/lua-language-server/libexec/meta/LuaJIT%20en-us%20utf8/basic.lua , size = 15.443 KB
[13:03:30.795][info] [#0:script/workspace/loading.lua:112]: ++++As library of:	file:///home/ljc/.local/share/nvim/mason/packages/lua-language-server/libexec/meta/LuaJIT%20en-us%20utf8/basic.lua
[13:03:30.796][info] [#0:script/workspace/loading.lua:100]: Preload file at: file:///home/ljc/.local/share/nvim/mason/packages/lua-language-server/libexec/meta/LuaJIT%20en-us%20utf8/string/buffer.lua , size = 18.123 KB
[13:03:30.798][info] [#0:script/workspace/loading.lua:112]: ++++As library of:	file:///home/ljc/.local/share/nvim/mason/packages/lua-language-server/libexec/meta/LuaJIT%20en-us%20utf8/string/buffer.lua
[13:03:30.798][info] [#0:script/workspace/loading.lua:97]: Skip loaded file: file:///home/ljc/.local/share/nvim/mason/packages/lua-language-server/libexec/meta/LuaJIT%20en-us%20utf8/basic.lua
[13:03:30.798][info] [#0:script/workspace/loading.lua:88]: Skip loaded file: file:///home/ljc/.local/share/nvim/mason/packages/lua-language-server/libexec/meta/LuaJIT%20en-us%20utf8/string/buffer.lua
[13:03:30.798][info] [#0:script/workspace/loading.lua:112]: ++++As library of:	file:///home/ljc/.local/share/nvim/mason/packages/lua-language-server/libexec/meta/LuaJIT%20en-us%20utf8/string/buffer.lua
[13:03:30.799][info] [#0:script/workspace/loading.lua:100]: Preload file at: file:///home/ljc/.local/share/nvim/mason/packages/lua-language-server/libexec/meta/LuaJIT%20en-us%20utf8/debug.lua , size = 7.310 KB
[13:03:30.802][info] [#0:script/workspace/loading.lua:112]: ++++As library of:	file:///home/ljc/.local/share/nvim/mason/packages/lua-language-server/libexec/meta/LuaJIT%20en-us%20utf8/debug.lua
[13:03:30.802][info] [#0:script/workspace/loading.lua:100]: Preload file at: file:///home/ljc/.local/share/nvim/mason/packages/lua-language-server/libexec/meta/LuaJIT%20en-us%20utf8/jit/util.lua , size = 1.984 KB
[13:03:30.803][info] [#0:script/workspace/loading.lua:112]: ++++As library of:	file:///home/ljc/.local/share/nvim/mason/packages/lua-language-server/libexec/meta/LuaJIT%20en-us%20utf8/jit/util.lua
[13:03:30.803][info] [#0:script/workspace/loading.lua:97]: Skip loaded file: file:///home/ljc/.local/share/nvim/mason/packages/lua-language-server/libexec/meta/LuaJIT%20en-us%20utf8/jit/util.lua
[13:03:30.803][info] [#0:script/workspace/loading.lua:97]: Skip loaded file: file:///home/ljc/.local/share/nvim/mason/packages/lua-language-server/libexec/meta/LuaJIT%20en-us%20utf8/debug.lua
[13:03:30.803][info] [#0:script/workspace/loading.lua:100]: Preload file at: file:///home/ljc/.local/share/nvim/mason/packages/lua-language-server/libexec/meta/LuaJIT%20en-us%20utf8/jit.lua , size = 0.884 KB
[13:03:30.804][info] [#0:script/workspace/loading.lua:112]: ++++As library of:	file:///home/ljc/.local/share/nvim/mason/packages/lua-language-server/libexec/meta/LuaJIT%20en-us%20utf8/jit.lua
[13:03:30.804][info] [#0:script/workspace/loading.lua:97]: Skip loaded file: file:///home/ljc/.local/share/nvim/mason/packages/lua-language-server/libexec/meta/LuaJIT%20en-us%20utf8/jit.lua
[13:03:30.804][info] [#0:script/workspace/loading.lua:100]: Preload file at: file:///home/ljc/.local/share/nvim/mason/packages/lua-language-server/libexec/meta/LuaJIT%20en-us%20utf8/ffi.lua , size = 2.529 KB
[13:03:30.808][info] [#0:script/workspace/loading.lua:112]: ++++As library of:	file:///home/ljc/.local/share/nvim/mason/packages/lua-language-server/libexec/meta/LuaJIT%20en-us%20utf8/ffi.lua
[13:03:30.808][info] [#0:script/workspace/loading.lua:88]: Skip loaded file: file:///home/ljc/.local/share/nvim/mason/packages/lua-language-server/libexec/meta/LuaJIT%20en-us%20utf8/ffi.lua
[13:03:30.808][info] [#0:script/workspace/loading.lua:112]: ++++As library of:	file:///home/ljc/.local/share/nvim/mason/packages/lua-language-server/libexec/meta/LuaJIT%20en-us%20utf8/ffi.lua
[13:03:30.808][info] [#0:script/workspace/loading.lua:100]: Preload file at: file:///home/ljc/.local/share/nvim/mason/packages/lua-language-server/libexec/meta/LuaJIT%20en-us%20utf8/coroutine.lua , size = 2.541 KB
[13:03:30.809][info] [#0:script/workspace/loading.lua:112]: ++++As library of:	file:///home/ljc/.local/share/nvim/mason/packages/lua-language-server/libexec/meta/LuaJIT%20en-us%20utf8/coroutine.lua
[13:03:30.809][info] [#0:script/workspace/loading.lua:100]: Preload file at: file:///home/ljc/.local/share/nvim/mason/packages/lua-language-server/libexec/meta/LuaJIT%20en-us%20utf8/builtin.lua , size = 0.302 KB
[13:03:30.809][info] [#0:script/workspace/loading.lua:112]: ++++As library of:	file:///home/ljc/.local/share/nvim/mason/packages/lua-language-server/libexec/meta/LuaJIT%20en-us%20utf8/builtin.lua
[13:03:30.809][info] [#0:script/workspace/loading.lua:97]: Skip loaded file: file:///home/ljc/.local/share/nvim/mason/packages/lua-language-server/libexec/meta/LuaJIT%20en-us%20utf8/coroutine.lua
[13:03:30.809][info] [#0:script/workspace/loading.lua:88]: Skip loaded file: file:///home/ljc/.local/share/nvim/mason/packages/lua-language-server/libexec/meta/LuaJIT%20en-us%20utf8/builtin.lua
[13:03:30.809][info] [#0:script/workspace/loading.lua:112]: ++++As library of:	file:///home/ljc/.local/share/nvim/mason/packages/lua-language-server/libexec/meta/LuaJIT%20en-us%20utf8/builtin.lua
[13:03:30.810][info] [#0:script/workspace/loading.lua:100]: Preload file at: file:///home/ljc/.local/share/nvim/mason/packages/lua-language-server/libexec/meta/LuaJIT%20en-us%20utf8/string.lua , size = 5.242 KB
[13:03:30.811][info] [#0:script/workspace/loading.lua:112]: ++++As library of:	file:///home/ljc/.local/share/nvim/mason/packages/lua-language-server/libexec/meta/LuaJIT%20en-us%20utf8/string.lua
[13:03:30.812][info] [#0:script/workspace/loading.lua:97]: Skip loaded file: file:///home/ljc/.local/share/nvim/mason/packages/lua-language-server/libexec/meta/LuaJIT%20en-us%20utf8/string.lua
[13:03:30.812][info] [#0:script/workspace/loading.lua:100]: Preload file at: file:///home/ljc/.local/share/nvim/mason/packages/lua-language-server/libexec/meta/LuaJIT%20en-us%20utf8/bit.lua , size = 1.243 KB
[13:03:30.812][info] [#0:script/workspace/loading.lua:112]: ++++As library of:	file:///home/ljc/.local/share/nvim/mason/packages/lua-language-server/libexec/meta/LuaJIT%20en-us%20utf8/bit.lua
[13:03:30.812][info] [#0:script/workspace/loading.lua:97]: Skip loaded file: file:///home/ljc/.local/share/nvim/mason/packages/lua-language-server/libexec/meta/LuaJIT%20en-us%20utf8/bit.lua
[13:03:30.813][info] [#0:script/workspace/loading.lua:100]: Preload file at: file:///home/ljc/.local/share/nvim/mason/packages/lua-language-server/libexec/meta/LuaJIT%20en-us%20utf8/math.lua , size = 7.982 KB
[13:03:30.816][info] [#0:script/workspace/loading.lua:112]: ++++As library of:	file:///home/ljc/.local/share/nvim/mason/packages/lua-language-server/libexec/meta/LuaJIT%20en-us%20utf8/math.lua
[13:03:30.816][info] [#0:script/workspace/loading.lua:97]: Skip loaded file: file:///home/ljc/.local/share/nvim/mason/packages/lua-language-server/libexec/meta/LuaJIT%20en-us%20utf8/math.lua
[13:03:30.816][info] [#0:script/workspace/loading.lua:100]: Preload file at: file:///home/ljc/.local/share/nvim/mason/packages/lua-language-server/libexec/meta/LuaJIT%20en-us%20utf8/table/new.lua , size = 0.642 KB
[13:03:30.816][info] [#0:script/workspace/loading.lua:112]: ++++As library of:	file:///home/ljc/.local/share/nvim/mason/packages/lua-language-server/libexec/meta/LuaJIT%20en-us%20utf8/table/new.lua
[13:03:30.816][info] [#0:script/workspace/loading.lua:97]: Skip loaded file: file:///home/ljc/.local/share/nvim/mason/packages/lua-language-server/libexec/meta/LuaJIT%20en-us%20utf8/table/new.lua
[13:03:30.817][info] [#0:script/workspace/loading.lua:100]: Preload file at: file:///home/ljc/.local/share/nvim/mason/packages/lua-language-server/libexec/meta/LuaJIT%20en-us%20utf8/table/clear.lua , size = 0.797 KB
[13:03:30.817][info] [#0:script/workspace/loading.lua:112]: ++++As library of:	file:///home/ljc/.local/share/nvim/mason/packages/lua-language-server/libexec/meta/LuaJIT%20en-us%20utf8/table/clear.lua
[13:03:30.817][info] [#0:script/workspace/loading.lua:88]: Skip loaded file: file:///home/ljc/.local/share/nvim/mason/packages/lua-language-server/libexec/meta/LuaJIT%20en-us%20utf8/table/clear.lua
[13:03:30.817][info] [#0:script/workspace/loading.lua:112]: ++++As library of:	file:///home/ljc/.local/share/nvim/mason/packages/lua-language-server/libexec/meta/LuaJIT%20en-us%20utf8/table/clear.lua
[13:03:30.818][info] [#0:script/workspace/loading.lua:100]: Preload file at: file:///home/ljc/.local/share/nvim/mason/packages/lua-language-server/libexec/meta/LuaJIT%20en-us%20utf8/jit/profile.lua , size = 0.348 KB
[13:03:30.818][info] [#0:script/workspace/loading.lua:112]: ++++As library of:	file:///home/ljc/.local/share/nvim/mason/packages/lua-language-server/libexec/meta/LuaJIT%20en-us%20utf8/jit/profile.lua
[13:03:30.818][info] [#0:script/workspace/loading.lua:97]: Skip loaded file: file:///home/ljc/.local/share/nvim/mason/packages/lua-language-server/libexec/meta/LuaJIT%20en-us%20utf8/jit/profile.lua
[13:03:30.818][info] [#0:script/workspace/loading.lua:88]: Skip loaded file: file:///home/ljc/workspace/1.lua
[13:03:30.818][info] [#0:script/workspace/loading.lua:172]: Loaded files takes [0.041] sec: file:///home/ljc/workspace
[13:03:30.818][info] [#0:script/workspace/loading.lua:181]: Compile files takes [0.000] sec: file:///home/ljc/workspace
[13:03:30.818][info] [#0:script/workspace/loading.lua:182]: Loaded finish:	file:///home/ljc/workspace
[13:03:30.818][info] [#0:script/workspace/workspace.lua:381]: Preload finish at:	file:///home/ljc/workspace
[13:03:30.923][info] [#0:script/workspace/loading.lua:172]: Loaded files takes [0.044] sec: <fallback>
[13:03:30.923][info] [#0:script/workspace/loading.lua:181]: Compile files takes [0.000] sec: <fallback>
[13:03:30.923][info] [#0:script/workspace/loading.lua:182]: Loaded finish:	<fallback>
[13:03:30.923][info] [#0:script/workspace/workspace.lua:381]: Preload finish at:	<fallback>
[13:03:30.925][info] [#0:script/workspace/workspace.lua:284]: Scan files at:	file:///home/ljc/workspace/1.lua
[13:03:30.925][info] [#0:script/workspace/loading.lua:160]: Load files from disk:	file:///home/ljc/workspace/1.lua
[13:03:30.925][info] [#0:script/workspace/loading.lua:88]: Skip loaded file: file:///home/ljc/workspace/1.lua
[13:03:30.926][info] [#0:script/workspace/loading.lua:172]: Loaded files takes [0.000] sec: file:///home/ljc/workspace/1.lua
[13:03:30.926][info] [#0:script/workspace/loading.lua:181]: Compile files takes [0.000] sec: file:///home/ljc/workspace/1.lua
[13:03:30.926][info] [#0:script/workspace/loading.lua:182]: Loaded finish:	file:///home/ljc/workspace/1.lua
[13:03:31.834][info] [#0:script/provider/diagnostic.lua:560]: Diagnostics scope [file:///home/ljc/workspace], files count:[19]
[13:03:31.851][info] [#0:script/provider/diagnostic.lua:577]: Diagnostics scope [file:///home/ljc/workspace] finished, takes [0.010] sec.
[13:03:34.102][info] [#0:script/provider/diagnostic.lua:560]: Diagnostics scope [file:///home/ljc/workspace], files count:[19]
[13:03:34.114][info] [#0:script/provider/diagnostic.lua:577]: Diagnostics scope [file:///home/ljc/workspace] finished, takes [0.011] sec.
[13:03:35.833][warn] [#0:script/pub/report.lua:24]: Load proto error:	Disconnected!
