[14:55:36.927][info] [#0:/home/ljc/.local/share/nvim/mason/packages/lua-language-server/libexec/main.lua:68]: Lua Lsp startup, root: 	/home/ljc/.local/share/nvim/mason/packages/lua-language-server/libexec
[14:55:36.927][info] [#0:/home/ljc/.local/share/nvim/mason/packages/lua-language-server/libexec/main.lua:69]: ROOT:	/home/ljc/.local/share/nvim/mason/packages/lua-language-server/libexec
[14:55:36.927][info] [#0:/home/ljc/.local/share/nvim/mason/packages/lua-language-server/libexec/main.lua:70]: LOGPATH:	/home/ljc/.local/share/nvim/mason/packages/lua-language-server/libexec/log
[14:55:36.927][info] [#0:/home/ljc/.local/share/nvim/mason/packages/lua-language-server/libexec/main.lua:71]: METAPATH:	/home/ljc/.local/share/nvim/mason/packages/lua-language-server/libexec/meta
[14:55:36.928][info] [#0:/home/ljc/.local/share/nvim/mason/packages/lua-language-server/libexec/main.lua:72]: VERSION:	3.13.9
[14:55:36.947][info] [#0:script/proto/proto.lua:260]: Listen Mode: stdio
[14:55:36.947][info] [#0:script/service/service.lua:145]: 
========= Medical Examination Report =========
    --------------- Memory ---------------
        Total: 2.257 MB
        # 00 : 2.257 MB
        # 01 : 0.000 MB
        # 02 : 0.000 MB
        # 03 : 0.000 MB
        # 04 : 0.000 MB
    --------------- Coroutine ---------------
        Total:     0
        Running:   0
        Suspended: 0
        Normal:    0
        Dead:      0
    --------------- Cache ---------------
        Total: 1
        Dead:  0
    ---------------  RPC  ---------------
        Holdon:   0
        Waiting:  0
==============================================
[14:55:37.051][info] [#0:script/client.lua:657]: Client init	{
  capabilities = {
    general = {
      positionEncodings = { "utf-8", "utf-16", "utf-32" }
    },
    textDocument = {
      callHierarchy = {
        dynamicRegistration = false
      },
      codeAction = {
        codeActionLiteralSupport = {
          codeActionKind = {
            valueSet = { "", "quickfix", "refactor", "refactor.extract", "refactor.inline", "refactor.rewrite", "source", "source.organizeImports" }
          }
        },
        dataSupport = true,
        dynamicRegistration = true,
        isPreferredSupport = true,
        resolveSupport = {
          properties = { "edit", "command" }
        }
      },
      codeLens = {
        dynamicRegistration = false,
        resolveSupport = {
          properties = { "command" }
        }
      },
      completion = {
        completionItem = {
          commitCharactersSupport = false,
          deprecatedSupport = true,
          documentationFormat = { "markdown", "plaintext" },
          preselectSupport = false,
          resolveSupport = {
            properties = { "additionalTextEdits", "command" }
          },
          snippetSupport = true,
          tagSupport = {
            valueSet = { 1 }
          }
        },
        completionItemKind = {
          valueSet = { 1, 2, 3, 4, 5, 6, 7, 8, 9, 10, 11, 12, 13, 14, 15, 16, 17, 18, 19, 20, 21, 22, 23, 24, 25 }
        },
        completionList = {
          itemDefaults = { "editRange", "insertTextFormat", "insertTextMode", "data" }
        },
        contextSupport = true,
        dynamicRegistration = false
      },
      declaration = {
        linkSupport = true
      },
      definition = {
        dynamicRegistration = true,
        linkSupport = true
      },
      diagnostic = {
        dynamicRegistration = false
      },
      documentHighlight = {
        dynamicRegistration = false
      },
      documentSymbol = {
        dynamicRegistration = false,
        hierarchicalDocumentSymbolSupport = true,
        symbolKind = {
          valueSet = { 1, 2, 3, 4, 5, 6, 7, 8, 9, 10, 11, 12, 13, 14, 15, 16, 17, 18, 19, 20, 21, 22, 23, 24, 25, 26 }
        }
      },
      foldingRange = {
        dynamicRegistration = false,
        foldingRange = {
          collapsedText = true
        },
        lineFoldingOnly = true
      },
      formatting = {
        dynamicRegistration = true
      },
      hover = {
        contentFormat = { "markdown", "plaintext" },
        dynamicRegistration = true
      },
      implementation = {
        linkSupport = true
      },
      inlayHint = {
        dynamicRegistration = true,
        resolveSupport = {
          properties = { "textEdits", "tooltip", "location", "command" }
        }
      },
      publishDiagnostics = {
        dataSupport = true,
        relatedInformation = true,
        tagSupport = {
          valueSet = { 1, 2 }
        }
      },
      rangeFormatting = {
        dynamicRegistration = true,
        rangesSupport = true
      },
      references = {
        dynamicRegistration = false
      },
      rename = {
        dynamicRegistration = true,
        prepareSupport = true
      },
      semanticTokens = {
        augmentsSyntaxTokens = true,
        dynamicRegistration = false,
        formats = { "relative" },
        multilineTokenSupport = false,
        overlappingTokenSupport = true,
        requests = {
          full = {
            delta = true
          },
          range = false
        },
        serverCancelSupport = false,
        tokenModifiers = { "declaration", "definition", "readonly", "static", "deprecated", "abstract", "async", "modification", "documentation", "defaultLibrary" },
        tokenTypes = { "namespace", "type", "class", "enum", "interface", "struct", "typeParameter", "parameter", "variable", "property", "enumMember", "event", "function", "method", "macro", "keyword", "modifier", "comment", "string", "number", "regexp", "operator", "decorator" }
      },
      signatureHelp = {
        dynamicRegistration = false,
        signatureInformation = {
          activeParameterSupport = true,
          documentationFormat = { "markdown", "plaintext" },
          parameterInformation = {
            labelOffsetSupport = true
          }
        }
      },
      synchronization = {
        didSave = true,
        dynamicRegistration = false,
        willSave = true,
        willSaveWaitUntil = true
      },
      typeDefinition = {
        linkSupport = true
      }
    },
    window = {
      showDocument = {
        support = true
      },
      showMessage = {
        messageActionItem = {
          additionalPropertiesSupport = true
        }
      },
      workDoneProgress = true
    },
    workspace = {
      applyEdit = true,
      configuration = true,
      didChangeConfiguration = {
        dynamicRegistration = false
      },
      didChangeWatchedFiles = {
        dynamicRegistration = false,
        relativePatternSupport = true
      },
      inlayHint = {
        refreshSupport = true
      },
      semanticTokens = {
        refreshSupport = true
      },
      symbol = {
        dynamicRegistration = false,
        symbolKind = {
          valueSet = { 1, 2, 3, 4, 5, 6, 7, 8, 9, 10, 11, 12, 13, 14, 15, 16, 17, 18, 19, 20, 21, 22, 23, 24, 25, 26 }
        }
      },
      workspaceEdit = {
        resourceOperations = { "rename", "create", "delete" }
      },
      workspaceFolders = true
    }
  },
  clientInfo = {
    name = "Neovim",
    version = "0.11.0+ga99c469e54"
  },
  initializationOptions = {},
  processId = 40998,
  rootPath = "/home/ljc/.local/share/nvim/lazy/hlchunk.nvim",
  rootUri = "file:///home/ljc/.local/share/nvim/lazy/hlchunk.nvim",
  trace = "off",
  workDoneToken = "1",
  workspaceFolders = { {
      name = "/home/ljc/.local/share/nvim/lazy/hlchunk.nvim",
      uri = "file:///home/ljc/.local/share/nvim/lazy/hlchunk.nvim"
    } }
}
[14:55:37.051][info] [#0:script/language.lua:137]: VSC language: nil
[14:55:37.051][info] [#0:script/language.lua:138]: LS  language: en-us
[14:55:37.051][info] [#0:script/workspace/workspace.lua:38]: Workspace init root: 	file:///home/ljc/.local/share/nvim/lazy/hlchunk.nvim
[14:55:37.051][info] [#0:script/workspace/workspace.lua:42]: Log path: 	/home/ljc/.local/share/nvim/mason/packages/lua-language-server/libexec/log/file_home_ljc_.local_share_nvim_lazy_hlchunk.nvim.log
[14:55:37.052][info] [#0:script/workspace/workspace.lua:48]: Workspace create: 	file:///home/ljc/.local/share/nvim/lazy/hlchunk.nvim
[14:55:39.958][info] [#0:script/provider/provider.lua:49]: Load config from client	file:///home/ljc/.local/share/nvim/lazy/hlchunk.nvim
[14:55:39.958][info] [#0:script/provider/provider.lua:50]: {
  Lua = {
    diagnostics = {
      disable = { "lowercase-global" },
      globals = { "vim" }
    },
    runtime = {
      version = "LuaJIT"
    },
    telemetry = {
      enable = false
    },
    workspace = {
      checkThirdParty = false,
      ignoreDir = { ".git", "node_modules", "lib", "meta", "Nvim-lua-4.4", "build", ".cache" },
      library = false,
      maxPreload = 5000,
      preloadFileSize = 500,
      propmt = false
    }
  }
}
[14:55:39.958][info] [#0:script/provider/provider.lua:49]: Load config from client	file:///home/ljc/.local/share/nvim/lazy/hlchunk.nvim
[14:55:39.958][info] [#0:script/provider/provider.lua:50]: {
  Lua = {
    diagnostics = {
      disable = { "lowercase-global" },
      globals = { "vim" }
    },
    runtime = {
      version = "LuaJIT"
    },
    telemetry = {
      enable = false
    },
    workspace = {
      checkThirdParty = false,
      ignoreDir = { ".git", "node_modules", "lib", "meta", "Nvim-lua-4.4", "build", ".cache" },
      library = false,
      maxPreload = 5000,
      preloadFileSize = 500,
      propmt = false
    }
  }
}
[14:55:39.959][info] [#0:script/provider/provider.lua:65]: Load config from client	fallback
[14:55:39.959][info] [#0:script/provider/provider.lua:66]: {
  Lua = {
    diagnostics = {
      disable = { "lowercase-global" },
      globals = { "vim" }
    },
    runtime = {
      version = "LuaJIT"
    },
    telemetry = {
      enable = false
    },
    workspace = {
      checkThirdParty = false,
      ignoreDir = { ".git", "node_modules", "lib", "meta", "Nvim-lua-4.4", "build", ".cache" },
      library = false,
      maxPreload = 5000,
      preloadFileSize = 500,
      propmt = false
    }
  }
}
[14:55:39.959][info] [#0:script/provider/provider.lua:65]: Load config from client	fallback
[14:55:39.959][info] [#0:script/provider/provider.lua:66]: {
  Lua = {
    diagnostics = {
      disable = { "lowercase-global" },
      globals = { "vim" }
    },
    runtime = {
      version = "LuaJIT"
    },
    telemetry = {
      enable = false
    },
    workspace = {
      checkThirdParty = false,
      ignoreDir = { ".git", "node_modules", "lib", "meta", "Nvim-lua-4.4", "build", ".cache" },
      library = false,
      maxPreload = 5000,
      preloadFileSize = 500,
      propmt = false
    }
  }
}
[14:55:40.066][info] [#0:script/library.lua:212]: Init builtin library at:	file:///home/ljc/.local/share/nvim/lazy/hlchunk.nvim
[14:55:40.075][info] [#0:script/library.lua:212]: Init builtin library at:	nil
[14:55:40.184][info] [#0:script/workspace/workspace.lua:324]: Preload start:	file:///home/ljc/.local/share/nvim/lazy/hlchunk.nvim
[14:55:40.189][info] [#0:script/workspace/workspace.lua:330]: Scan files at:	file:///home/ljc/.local/share/nvim/lazy/hlchunk.nvim
[14:55:40.190][info] [#0:script/workspace/workspace.lua:324]: Preload start:	<fallback>
[14:55:40.192][info] [#0:script/workspace/workspace.lua:353]: Scan library at:	file:///home/ljc/.local/share/nvim/mason/packages/lua-language-server/libexec/meta/LuaJIT%20en-us%20utf8/jit/profile.lua
[14:55:40.193][info] [#0:script/workspace/workspace.lua:353]: Scan library at:	file:///home/ljc/.local/share/nvim/mason/packages/lua-language-server/libexec/meta/LuaJIT%20en-us%20utf8/table/clear.lua
[14:55:40.193][info] [#0:script/workspace/workspace.lua:353]: Scan library at:	file:///home/ljc/.local/share/nvim/mason/packages/lua-language-server/libexec/meta/LuaJIT%20en-us%20utf8/table/new.lua
[14:55:40.193][info] [#0:script/workspace/workspace.lua:353]: Scan library at:	file:///home/ljc/.local/share/nvim/mason/packages/lua-language-server/libexec/meta/LuaJIT%20en-us%20utf8/math.lua
[14:55:40.194][info] [#0:script/workspace/workspace.lua:353]: Scan library at:	file:///home/ljc/.local/share/nvim/mason/packages/lua-language-server/libexec/meta/LuaJIT%20en-us%20utf8/bit.lua
[14:55:40.194][info] [#0:script/workspace/workspace.lua:353]: Scan library at:	file:///home/ljc/.local/share/nvim/mason/packages/lua-language-server/libexec/meta/LuaJIT%20en-us%20utf8/string.lua
[14:55:40.194][info] [#0:script/workspace/workspace.lua:353]: Scan library at:	file:///home/ljc/.local/share/nvim/mason/packages/lua-language-server/libexec/meta/LuaJIT%20en-us%20utf8/builtin.lua
[14:55:40.194][info] [#0:script/workspace/workspace.lua:353]: Scan library at:	file:///home/ljc/.local/share/nvim/mason/packages/lua-language-server/libexec/meta/LuaJIT%20en-us%20utf8/coroutine.lua
[14:55:40.194][info] [#0:script/workspace/workspace.lua:353]: Scan library at:	file:///home/ljc/.local/share/nvim/mason/packages/lua-language-server/libexec/meta/LuaJIT%20en-us%20utf8/ffi.lua
[14:55:40.194][info] [#0:script/workspace/workspace.lua:353]: Scan library at:	file:///home/ljc/.local/share/nvim/mason/packages/lua-language-server/libexec/meta/LuaJIT%20en-us%20utf8/jit.lua
[14:55:40.195][info] [#0:script/workspace/workspace.lua:353]: Scan library at:	file:///home/ljc/.local/share/nvim/mason/packages/lua-language-server/libexec/meta/LuaJIT%20en-us%20utf8/jit/util.lua
[14:55:40.195][info] [#0:script/workspace/workspace.lua:353]: Scan library at:	file:///home/ljc/.local/share/nvim/mason/packages/lua-language-server/libexec/meta/LuaJIT%20en-us%20utf8/debug.lua
[14:55:40.195][info] [#0:script/workspace/workspace.lua:353]: Scan library at:	file:///home/ljc/.local/share/nvim/mason/packages/lua-language-server/libexec/meta/LuaJIT%20en-us%20utf8/string/buffer.lua
[14:55:40.195][info] [#0:script/workspace/workspace.lua:353]: Scan library at:	file:///home/ljc/.local/share/nvim/mason/packages/lua-language-server/libexec/meta/LuaJIT%20en-us%20utf8/basic.lua
[14:55:40.195][info] [#0:script/workspace/workspace.lua:353]: Scan library at:	file:///home/ljc/.local/share/nvim/mason/packages/lua-language-server/libexec/meta/LuaJIT%20en-us%20utf8/io.lua
[14:55:40.196][info] [#0:script/workspace/workspace.lua:353]: Scan library at:	file:///home/ljc/.local/share/nvim/mason/packages/lua-language-server/libexec/meta/LuaJIT%20en-us%20utf8/package.lua
[14:55:40.196][info] [#0:script/workspace/workspace.lua:353]: Scan library at:	file:///home/ljc/.local/share/nvim/mason/packages/lua-language-server/libexec/meta/LuaJIT%20en-us%20utf8/os.lua
[14:55:40.196][info] [#0:script/workspace/workspace.lua:353]: Scan library at:	file:///home/ljc/.local/share/nvim/mason/packages/lua-language-server/libexec/meta/LuaJIT%20en-us%20utf8/table.lua
[14:55:40.202][info] [#0:script/workspace/workspace.lua:353]: Scan library at:	file:///home/ljc/.local/share/nvim/mason/packages/lua-language-server/libexec/meta/LuaJIT%20en-us%20utf8/jit/profile.lua
[14:55:40.202][info] [#0:script/workspace/workspace.lua:353]: Scan library at:	file:///home/ljc/.local/share/nvim/mason/packages/lua-language-server/libexec/meta/LuaJIT%20en-us%20utf8/table/clear.lua
[14:55:40.202][info] [#0:script/workspace/workspace.lua:353]: Scan library at:	file:///home/ljc/.local/share/nvim/mason/packages/lua-language-server/libexec/meta/LuaJIT%20en-us%20utf8/table/new.lua
[14:55:40.202][info] [#0:script/workspace/workspace.lua:353]: Scan library at:	file:///home/ljc/.local/share/nvim/mason/packages/lua-language-server/libexec/meta/LuaJIT%20en-us%20utf8/math.lua
[14:55:40.202][info] [#0:script/workspace/workspace.lua:353]: Scan library at:	file:///home/ljc/.local/share/nvim/mason/packages/lua-language-server/libexec/meta/LuaJIT%20en-us%20utf8/bit.lua
[14:55:40.202][info] [#0:script/workspace/workspace.lua:353]: Scan library at:	file:///home/ljc/.local/share/nvim/mason/packages/lua-language-server/libexec/meta/LuaJIT%20en-us%20utf8/string.lua
[14:55:40.202][info] [#0:script/workspace/workspace.lua:353]: Scan library at:	file:///home/ljc/.local/share/nvim/mason/packages/lua-language-server/libexec/meta/LuaJIT%20en-us%20utf8/builtin.lua
[14:55:40.202][info] [#0:script/workspace/workspace.lua:353]: Scan library at:	file:///home/ljc/.local/share/nvim/mason/packages/lua-language-server/libexec/meta/LuaJIT%20en-us%20utf8/coroutine.lua
[14:55:40.202][info] [#0:script/workspace/workspace.lua:353]: Scan library at:	file:///home/ljc/.local/share/nvim/mason/packages/lua-language-server/libexec/meta/LuaJIT%20en-us%20utf8/ffi.lua
[14:55:40.203][info] [#0:script/workspace/workspace.lua:353]: Scan library at:	file:///home/ljc/.local/share/nvim/mason/packages/lua-language-server/libexec/meta/LuaJIT%20en-us%20utf8/jit.lua
[14:55:40.203][info] [#0:script/workspace/workspace.lua:353]: Scan library at:	file:///home/ljc/.local/share/nvim/mason/packages/lua-language-server/libexec/meta/LuaJIT%20en-us%20utf8/jit/util.lua
[14:55:40.203][info] [#0:script/workspace/workspace.lua:353]: Scan library at:	file:///home/ljc/.local/share/nvim/mason/packages/lua-language-server/libexec/meta/LuaJIT%20en-us%20utf8/debug.lua
[14:55:40.203][info] [#0:script/workspace/workspace.lua:353]: Scan library at:	file:///home/ljc/.local/share/nvim/mason/packages/lua-language-server/libexec/meta/LuaJIT%20en-us%20utf8/string/buffer.lua
[14:55:40.203][info] [#0:script/workspace/workspace.lua:353]: Scan library at:	file:///home/ljc/.local/share/nvim/mason/packages/lua-language-server/libexec/meta/LuaJIT%20en-us%20utf8/basic.lua
[14:55:40.203][info] [#0:script/workspace/workspace.lua:353]: Scan library at:	file:///home/ljc/.local/share/nvim/mason/packages/lua-language-server/libexec/meta/LuaJIT%20en-us%20utf8/io.lua
[14:55:40.203][info] [#0:script/workspace/workspace.lua:353]: Scan library at:	file:///home/ljc/.local/share/nvim/mason/packages/lua-language-server/libexec/meta/LuaJIT%20en-us%20utf8/package.lua
[14:55:40.203][info] [#0:script/workspace/workspace.lua:353]: Scan library at:	file:///home/ljc/.local/share/nvim/mason/packages/lua-language-server/libexec/meta/LuaJIT%20en-us%20utf8/os.lua
[14:55:40.204][info] [#0:script/workspace/workspace.lua:353]: Scan library at:	file:///home/ljc/.local/share/nvim/mason/packages/lua-language-server/libexec/meta/LuaJIT%20en-us%20utf8/table.lua
[14:55:40.305][info] [#0:script/workspace/workspace.lua:379]: Found 18 files at:	<fallback>
[14:55:40.305][info] [#0:script/workspace/loading.lua:160]: Load files from disk:	<fallback>
[14:55:40.305][info] [#0:script/workspace/workspace.lua:379]: Found 54 files at:	file:///home/ljc/.local/share/nvim/lazy/hlchunk.nvim
[14:55:40.305][info] [#0:script/workspace/loading.lua:160]: Load files from disk:	file:///home/ljc/.local/share/nvim/lazy/hlchunk.nvim
[14:55:40.305][info] [#0:script/workspace/loading.lua:100]: Preload file at: file:///home/ljc/.local/share/nvim/mason/packages/lua-language-server/libexec/meta/LuaJIT%20en-us%20utf8/table.lua , size = 4.445 KB
[14:55:40.308][info] [#0:script/workspace/loading.lua:112]: ++++As library of:	file:///home/ljc/.local/share/nvim/mason/packages/lua-language-server/libexec/meta/LuaJIT%20en-us%20utf8/table.lua
[14:55:40.308][info] [#0:script/workspace/loading.lua:97]: Skip loaded file: file:///home/ljc/.local/share/nvim/mason/packages/lua-language-server/libexec/meta/LuaJIT%20en-us%20utf8/table.lua
[14:55:40.310][info] [#0:script/workspace/loading.lua:100]: Preload file at: file:///home/ljc/.local/share/nvim/mason/packages/lua-language-server/libexec/meta/LuaJIT%20en-us%20utf8/os.lua , size = 5.611 KB
[14:55:40.312][info] [#0:script/workspace/loading.lua:112]: ++++As library of:	file:///home/ljc/.local/share/nvim/mason/packages/lua-language-server/libexec/meta/LuaJIT%20en-us%20utf8/os.lua
[14:55:40.312][info] [#0:script/workspace/loading.lua:88]: Skip loaded file: file:///home/ljc/.local/share/nvim/mason/packages/lua-language-server/libexec/meta/LuaJIT%20en-us%20utf8/os.lua
[14:55:40.312][info] [#0:script/workspace/loading.lua:112]: ++++As library of:	file:///home/ljc/.local/share/nvim/mason/packages/lua-language-server/libexec/meta/LuaJIT%20en-us%20utf8/os.lua
[14:55:40.312][info] [#0:script/workspace/loading.lua:100]: Preload file at: file:///home/ljc/.local/share/nvim/mason/packages/lua-language-server/libexec/meta/LuaJIT%20en-us%20utf8/package.lua , size = 2.699 KB
[14:55:40.313][info] [#0:script/workspace/loading.lua:112]: ++++As library of:	file:///home/ljc/.local/share/nvim/mason/packages/lua-language-server/libexec/meta/LuaJIT%20en-us%20utf8/package.lua
[14:55:40.313][info] [#0:script/workspace/loading.lua:88]: Skip loaded file: file:///home/ljc/.local/share/nvim/mason/packages/lua-language-server/libexec/meta/LuaJIT%20en-us%20utf8/package.lua
[14:55:40.313][info] [#0:script/workspace/loading.lua:112]: ++++As library of:	file:///home/ljc/.local/share/nvim/mason/packages/lua-language-server/libexec/meta/LuaJIT%20en-us%20utf8/package.lua
[14:55:40.313][info] [#0:script/workspace/loading.lua:100]: Preload file at: file:///home/ljc/.local/share/nvim/mason/packages/lua-language-server/libexec/meta/LuaJIT%20en-us%20utf8/io.lua , size = 6.364 KB
[14:55:40.316][info] [#0:script/workspace/loading.lua:112]: ++++As library of:	file:///home/ljc/.local/share/nvim/mason/packages/lua-language-server/libexec/meta/LuaJIT%20en-us%20utf8/io.lua
[14:55:40.316][info] [#0:script/workspace/loading.lua:97]: Skip loaded file: file:///home/ljc/.local/share/nvim/mason/packages/lua-language-server/libexec/meta/LuaJIT%20en-us%20utf8/io.lua
[14:55:40.316][info] [#0:script/workspace/loading.lua:100]: Preload file at: file:///home/ljc/.local/share/nvim/mason/packages/lua-language-server/libexec/meta/LuaJIT%20en-us%20utf8/basic.lua , size = 15.443 KB
[14:55:40.323][info] [#0:script/workspace/loading.lua:112]: ++++As library of:	file:///home/ljc/.local/share/nvim/mason/packages/lua-language-server/libexec/meta/LuaJIT%20en-us%20utf8/basic.lua
[14:55:40.323][info] [#0:script/workspace/loading.lua:88]: Skip loaded file: file:///home/ljc/.local/share/nvim/mason/packages/lua-language-server/libexec/meta/LuaJIT%20en-us%20utf8/basic.lua
[14:55:40.323][info] [#0:script/workspace/loading.lua:112]: ++++As library of:	file:///home/ljc/.local/share/nvim/mason/packages/lua-language-server/libexec/meta/LuaJIT%20en-us%20utf8/basic.lua
[14:55:40.323][info] [#0:script/workspace/loading.lua:100]: Preload file at: file:///home/ljc/.local/share/nvim/mason/packages/lua-language-server/libexec/meta/LuaJIT%20en-us%20utf8/string/buffer.lua , size = 18.123 KB
[14:55:40.326][info] [#0:script/workspace/loading.lua:112]: ++++As library of:	file:///home/ljc/.local/share/nvim/mason/packages/lua-language-server/libexec/meta/LuaJIT%20en-us%20utf8/string/buffer.lua
[14:55:40.326][info] [#0:script/workspace/loading.lua:100]: Preload file at: file:///home/ljc/.local/share/nvim/mason/packages/lua-language-server/libexec/meta/LuaJIT%20en-us%20utf8/debug.lua , size = 7.310 KB
[14:55:40.329][info] [#0:script/workspace/loading.lua:112]: ++++As library of:	file:///home/ljc/.local/share/nvim/mason/packages/lua-language-server/libexec/meta/LuaJIT%20en-us%20utf8/debug.lua
[14:55:40.329][info] [#0:script/workspace/loading.lua:97]: Skip loaded file: file:///home/ljc/.local/share/nvim/mason/packages/lua-language-server/libexec/meta/LuaJIT%20en-us%20utf8/string/buffer.lua
[14:55:40.329][info] [#0:script/workspace/loading.lua:88]: Skip loaded file: file:///home/ljc/.local/share/nvim/mason/packages/lua-language-server/libexec/meta/LuaJIT%20en-us%20utf8/debug.lua
[14:55:40.329][info] [#0:script/workspace/loading.lua:112]: ++++As library of:	file:///home/ljc/.local/share/nvim/mason/packages/lua-language-server/libexec/meta/LuaJIT%20en-us%20utf8/debug.lua
[14:55:40.329][info] [#0:script/workspace/loading.lua:100]: Preload file at: file:///home/ljc/.local/share/nvim/mason/packages/lua-language-server/libexec/meta/LuaJIT%20en-us%20utf8/jit/util.lua , size = 1.984 KB
[14:55:40.331][info] [#0:script/workspace/loading.lua:112]: ++++As library of:	file:///home/ljc/.local/share/nvim/mason/packages/lua-language-server/libexec/meta/LuaJIT%20en-us%20utf8/jit/util.lua
[14:55:40.331][info] [#0:script/workspace/loading.lua:97]: Skip loaded file: file:///home/ljc/.local/share/nvim/mason/packages/lua-language-server/libexec/meta/LuaJIT%20en-us%20utf8/jit/util.lua
[14:55:40.331][info] [#0:script/workspace/loading.lua:100]: Preload file at: file:///home/ljc/.local/share/nvim/mason/packages/lua-language-server/libexec/meta/LuaJIT%20en-us%20utf8/jit.lua , size = 0.884 KB
[14:55:40.334][info] [#0:script/workspace/loading.lua:112]: ++++As library of:	file:///home/ljc/.local/share/nvim/mason/packages/lua-language-server/libexec/meta/LuaJIT%20en-us%20utf8/jit.lua
[14:55:40.334][info] [#0:script/workspace/loading.lua:88]: Skip loaded file: file:///home/ljc/.local/share/nvim/mason/packages/lua-language-server/libexec/meta/LuaJIT%20en-us%20utf8/jit.lua
[14:55:40.334][info] [#0:script/workspace/loading.lua:112]: ++++As library of:	file:///home/ljc/.local/share/nvim/mason/packages/lua-language-server/libexec/meta/LuaJIT%20en-us%20utf8/jit.lua
[14:55:40.334][info] [#0:script/workspace/loading.lua:100]: Preload file at: file:///home/ljc/.local/share/nvim/mason/packages/lua-language-server/libexec/meta/LuaJIT%20en-us%20utf8/ffi.lua , size = 2.529 KB
[14:55:40.336][info] [#0:script/workspace/loading.lua:112]: ++++As library of:	file:///home/ljc/.local/share/nvim/mason/packages/lua-language-server/libexec/meta/LuaJIT%20en-us%20utf8/ffi.lua
[14:55:40.336][info] [#0:script/workspace/loading.lua:97]: Skip loaded file: file:///home/ljc/.local/share/nvim/mason/packages/lua-language-server/libexec/meta/LuaJIT%20en-us%20utf8/ffi.lua
[14:55:40.336][info] [#0:script/workspace/loading.lua:100]: Preload file at: file:///home/ljc/.local/share/nvim/mason/packages/lua-language-server/libexec/meta/LuaJIT%20en-us%20utf8/coroutine.lua , size = 2.541 KB
[14:55:40.337][info] [#0:script/workspace/loading.lua:112]: ++++As library of:	file:///home/ljc/.local/share/nvim/mason/packages/lua-language-server/libexec/meta/LuaJIT%20en-us%20utf8/coroutine.lua
[14:55:40.337][info] [#0:script/workspace/loading.lua:97]: Skip loaded file: file:///home/ljc/.local/share/nvim/mason/packages/lua-language-server/libexec/meta/LuaJIT%20en-us%20utf8/coroutine.lua
[14:55:40.337][info] [#0:script/workspace/loading.lua:100]: Preload file at: file:///home/ljc/.local/share/nvim/mason/packages/lua-language-server/libexec/meta/LuaJIT%20en-us%20utf8/builtin.lua , size = 0.302 KB
[14:55:40.337][info] [#0:script/workspace/loading.lua:112]: ++++As library of:	file:///home/ljc/.local/share/nvim/mason/packages/lua-language-server/libexec/meta/LuaJIT%20en-us%20utf8/builtin.lua
[14:55:40.337][info] [#0:script/workspace/loading.lua:88]: Skip loaded file: file:///home/ljc/.local/share/nvim/mason/packages/lua-language-server/libexec/meta/LuaJIT%20en-us%20utf8/builtin.lua
[14:55:40.337][info] [#0:script/workspace/loading.lua:112]: ++++As library of:	file:///home/ljc/.local/share/nvim/mason/packages/lua-language-server/libexec/meta/LuaJIT%20en-us%20utf8/builtin.lua
[14:55:40.337][info] [#0:script/workspace/loading.lua:100]: Preload file at: file:///home/ljc/.local/share/nvim/mason/packages/lua-language-server/libexec/meta/LuaJIT%20en-us%20utf8/string.lua , size = 5.242 KB
[14:55:40.339][info] [#0:script/workspace/loading.lua:112]: ++++As library of:	file:///home/ljc/.local/share/nvim/mason/packages/lua-language-server/libexec/meta/LuaJIT%20en-us%20utf8/string.lua
[14:55:40.339][info] [#0:script/workspace/loading.lua:97]: Skip loaded file: file:///home/ljc/.local/share/nvim/mason/packages/lua-language-server/libexec/meta/LuaJIT%20en-us%20utf8/string.lua
[14:55:40.340][info] [#0:script/workspace/loading.lua:100]: Preload file at: file:///home/ljc/.local/share/nvim/mason/packages/lua-language-server/libexec/meta/LuaJIT%20en-us%20utf8/bit.lua , size = 1.243 KB
[14:55:40.340][info] [#0:script/workspace/loading.lua:112]: ++++As library of:	file:///home/ljc/.local/share/nvim/mason/packages/lua-language-server/libexec/meta/LuaJIT%20en-us%20utf8/bit.lua
[14:55:40.340][info] [#0:script/workspace/loading.lua:97]: Skip loaded file: file:///home/ljc/.local/share/nvim/mason/packages/lua-language-server/libexec/meta/LuaJIT%20en-us%20utf8/bit.lua
[14:55:40.341][info] [#0:script/workspace/loading.lua:100]: Preload file at: file:///home/ljc/.local/share/nvim/mason/packages/lua-language-server/libexec/meta/LuaJIT%20en-us%20utf8/math.lua , size = 7.982 KB
[14:55:40.344][info] [#0:script/workspace/loading.lua:112]: ++++As library of:	file:///home/ljc/.local/share/nvim/mason/packages/lua-language-server/libexec/meta/LuaJIT%20en-us%20utf8/math.lua
[14:55:40.344][info] [#0:script/workspace/loading.lua:100]: Preload file at: file:///home/ljc/.local/share/nvim/mason/packages/lua-language-server/libexec/meta/LuaJIT%20en-us%20utf8/table/new.lua , size = 0.642 KB
[14:55:40.344][info] [#0:script/workspace/loading.lua:112]: ++++As library of:	file:///home/ljc/.local/share/nvim/mason/packages/lua-language-server/libexec/meta/LuaJIT%20en-us%20utf8/table/new.lua
[14:55:40.344][info] [#0:script/workspace/loading.lua:97]: Skip loaded file: file:///home/ljc/.local/share/nvim/mason/packages/lua-language-server/libexec/meta/LuaJIT%20en-us%20utf8/table/new.lua
[14:55:40.344][info] [#0:script/workspace/loading.lua:97]: Skip loaded file: file:///home/ljc/.local/share/nvim/mason/packages/lua-language-server/libexec/meta/LuaJIT%20en-us%20utf8/math.lua
[14:55:40.344][info] [#0:script/workspace/loading.lua:100]: Preload file at: file:///home/ljc/.local/share/nvim/mason/packages/lua-language-server/libexec/meta/LuaJIT%20en-us%20utf8/table/clear.lua , size = 0.797 KB
[14:55:40.345][info] [#0:script/workspace/loading.lua:112]: ++++As library of:	file:///home/ljc/.local/share/nvim/mason/packages/lua-language-server/libexec/meta/LuaJIT%20en-us%20utf8/table/clear.lua
[14:55:40.345][info] [#0:script/workspace/loading.lua:88]: Skip loaded file: file:///home/ljc/.local/share/nvim/mason/packages/lua-language-server/libexec/meta/LuaJIT%20en-us%20utf8/table/clear.lua
[14:55:40.345][info] [#0:script/workspace/loading.lua:112]: ++++As library of:	file:///home/ljc/.local/share/nvim/mason/packages/lua-language-server/libexec/meta/LuaJIT%20en-us%20utf8/table/clear.lua
[14:55:40.345][info] [#0:script/workspace/loading.lua:100]: Preload file at: file:///home/ljc/.local/share/nvim/mason/packages/lua-language-server/libexec/meta/LuaJIT%20en-us%20utf8/jit/profile.lua , size = 0.348 KB
[14:55:40.345][info] [#0:script/workspace/loading.lua:112]: ++++As library of:	file:///home/ljc/.local/share/nvim/mason/packages/lua-language-server/libexec/meta/LuaJIT%20en-us%20utf8/jit/profile.lua
[14:55:40.345][info] [#0:script/workspace/loading.lua:97]: Skip loaded file: file:///home/ljc/.local/share/nvim/mason/packages/lua-language-server/libexec/meta/LuaJIT%20en-us%20utf8/jit/profile.lua
[14:55:40.345][info] [#0:script/workspace/loading.lua:172]: Loaded files takes [0.041] sec: <fallback>
[14:55:40.345][info] [#0:script/workspace/loading.lua:181]: Compile files takes [0.000] sec: <fallback>
[14:55:40.345][info] [#0:script/workspace/loading.lua:182]: Loaded finish:	<fallback>
[14:55:40.345][info] [#0:script/workspace/workspace.lua:381]: Preload finish at:	<fallback>
[14:55:40.347][info] [#0:script/workspace/loading.lua:100]: Preload file at: file:///home/ljc/.local/share/nvim/lazy/hlchunk.nvim/lua/hlchunk/utils/class.lua , size = 1.338 KB
[14:55:40.348][info] [#0:script/workspace/loading.lua:100]: Preload file at: file:///home/ljc/.local/share/nvim/lazy/hlchunk.nvim/lua/hlchunk/utils/filetype.lua , size = 1.135 KB
[14:55:40.349][info] [#0:script/workspace/loading.lua:100]: Preload file at: file:///home/ljc/.local/share/nvim/lazy/hlchunk.nvim/lua/hlchunk/utils/chunkHelper.lua , size = 4.329 KB
[14:55:40.351][info] [#0:script/workspace/loading.lua:100]: Preload file at: file:///home/ljc/.local/share/nvim/lazy/hlchunk.nvim/lua/hlchunk/utils/timer.lua , size = 3.723 KB
[14:55:40.356][info] [#0:script/workspace/loading.lua:100]: Preload file at: file:///home/ljc/.local/share/nvim/lazy/hlchunk.nvim/lua/hlchunk/utils/indentHelper.lua , size = 3.795 KB
[14:55:40.358][info] [#0:script/workspace/loading.lua:100]: Preload file at: file:///home/ljc/.local/share/nvim/lazy/hlchunk.nvim/lua/hlchunk/utils/cFunc.lua , size = 1.982 KB
[14:55:40.359][info] [#0:script/workspace/loading.lua:100]: Preload file at: file:///home/ljc/.local/share/nvim/lazy/hlchunk.nvim/lua/hlchunk/utils/cache.lua , size = 2.154 KB
[14:55:40.360][info] [#0:script/workspace/loading.lua:100]: Preload file at: file:///home/ljc/.local/share/nvim/lazy/hlchunk.nvim/lua/hlchunk/utils/position.lua , size = 0.960 KB
[14:55:40.360][info] [#0:script/workspace/loading.lua:100]: Preload file at: file:///home/ljc/.local/share/nvim/lazy/hlchunk.nvim/lua/hlchunk/utils/scope.lua , size = 0.390 KB
[14:55:40.361][info] [#0:script/workspace/loading.lua:100]: Preload file at: file:///home/ljc/.local/share/nvim/lazy/hlchunk.nvim/lua/hlchunk/utils/loopTask.lua , size = 3.319 KB
[14:55:40.362][info] [#0:script/workspace/loading.lua:100]: Preload file at: file:///home/ljc/.local/share/nvim/lazy/hlchunk.nvim/lua/hlchunk/utils/ts_node_type/zig.lua , size = 0.301 KB
[14:55:40.362][info] [#0:script/workspace/loading.lua:100]: Preload file at: file:///home/ljc/.local/share/nvim/lazy/hlchunk.nvim/lua/hlchunk/utils/ts_node_type/lua.lua , size = 1.502 KB
[14:55:40.363][info] [#0:script/workspace/loading.lua:100]: Preload file at: file:///home/ljc/.local/share/nvim/lazy/hlchunk.nvim/lua/hlchunk/utils/ts_node_type/css.lua , size = 0.249 KB
[14:55:40.363][info] [#0:script/workspace/loading.lua:100]: Preload file at: file:///home/ljc/.local/share/nvim/lazy/hlchunk.nvim/lua/hlchunk/utils/ts_node_type/init.lua , size = 0.664 KB
[14:55:40.363][info] [#0:script/workspace/loading.lua:100]: Preload file at: file:///home/ljc/.local/share/nvim/lazy/hlchunk.nvim/lua/hlchunk/utils/ts_node_type/fortran.lua , size = 0.679 KB
[14:55:40.364][info] [#0:script/workspace/loading.lua:100]: Preload file at: file:///home/ljc/.local/share/nvim/lazy/hlchunk.nvim/lua/hlchunk/utils/ts_node_type/cpp.lua , size = 0.989 KB
[14:55:40.364][info] [#0:script/workspace/loading.lua:100]: Preload file at: file:///home/ljc/.local/share/nvim/lazy/hlchunk.nvim/lua/hlchunk/utils/ts_node_type/rust.lua , size = 0.340 KB
[14:55:40.365][info] [#0:script/workspace/loading.lua:100]: Preload file at: file:///home/ljc/.local/share/nvim/lazy/hlchunk.nvim/lua/hlchunk/utils/ts_node_type/yaml.lua , size = 0.072 KB
[14:55:40.365][info] [#0:script/workspace/loading.lua:100]: Preload file at: file:///home/ljc/.local/share/nvim/lazy/hlchunk.nvim/lua/hlchunk/init.lua , size = 0.577 KB
[14:55:40.366][info] [#0:script/workspace/loading.lua:100]: Preload file at: file:///home/ljc/.local/share/nvim/lazy/hlchunk.nvim/lua/hlchunk/mods/chunk/chunk_conf.lua , size = 1.626 KB
[14:55:40.367][info] [#0:script/workspace/loading.lua:88]: Skip loaded file: file:///home/ljc/.local/share/nvim/lazy/hlchunk.nvim/lua/hlchunk/mods/chunk/init.lua
[14:55:40.367][info] [#0:script/workspace/loading.lua:100]: Preload file at: file:///home/ljc/.local/share/nvim/lazy/hlchunk.nvim/lua/hlchunk/mods/line_num/line_num_conf.lua , size = 0.711 KB
[14:55:40.368][info] [#0:script/workspace/loading.lua:100]: Preload file at: file:///home/ljc/.local/share/nvim/lazy/hlchunk.nvim/lua/hlchunk/mods/line_num/init.lua , size = 2.282 KB
[14:55:40.369][info] [#0:script/workspace/loading.lua:100]: Preload file at: file:///home/ljc/.local/share/nvim/lazy/hlchunk.nvim/lua/hlchunk/mods/base_mod/type.lua , size = 0.212 KB
[14:55:40.370][info] [#0:script/workspace/loading.lua:100]: Preload file at: file:///home/ljc/.local/share/nvim/lazy/hlchunk.nvim/lua/hlchunk/mods/base_mod/init.lua , size = 7.601 KB
[14:55:40.373][info] [#0:script/workspace/loading.lua:100]: Preload file at: file:///home/ljc/.local/share/nvim/lazy/hlchunk.nvim/lua/hlchunk/mods/base_mod/base_conf.lua , size = 1.686 KB
[14:55:40.376][info] [#0:script/workspace/loading.lua:100]: Preload file at: file:///home/ljc/.local/share/nvim/lazy/hlchunk.nvim/lua/hlchunk/mods/blank/blank_conf.lua , size = 0.618 KB
[14:55:40.377][info] [#0:script/workspace/loading.lua:100]: Preload file at: file:///home/ljc/.local/share/nvim/lazy/hlchunk.nvim/lua/hlchunk/mods/blank/init.lua , size = 2.707 KB
[14:55:40.379][info] [#0:script/workspace/loading.lua:100]: Preload file at: file:///home/ljc/.local/share/nvim/lazy/hlchunk.nvim/lua/hlchunk/mods/indent/init.lua , size = 7.046 KB
[14:55:40.383][info] [#0:script/workspace/loading.lua:100]: Preload file at: file:///home/ljc/.local/share/nvim/lazy/hlchunk.nvim/lua/hlchunk/mods/indent/indent_conf.lua , size = 1.282 KB
[14:55:40.384][info] [#0:script/workspace/loading.lua:100]: Preload file at: file:///home/ljc/.local/share/nvim/lazy/hlchunk.nvim/test/spec.lua , size = 0.243 KB
[14:55:40.385][info] [#0:script/workspace/loading.lua:100]: Preload file at: file:///home/ljc/.local/share/nvim/lazy/hlchunk.nvim/test/features/cache_spec.lua , size = 2.833 KB
[14:55:40.387][info] [#0:script/workspace/loading.lua:100]: Preload file at: file:///home/ljc/.local/share/nvim/lazy/hlchunk.nvim/test/features/cFunc_spec.lua , size = 0.439 KB
[14:55:40.388][info] [#0:script/workspace/loading.lua:100]: Preload file at: file:///home/ljc/.local/share/nvim/lazy/hlchunk.nvim/test/features/class_spec.lua , size = 3.532 KB
[14:55:40.390][info] [#0:script/workspace/loading.lua:100]: Preload file at: file:///home/ljc/.local/share/nvim/lazy/hlchunk.nvim/test/features/indentHelper_spec.lua , size = 1.774 KB
[14:55:40.395][info] [#0:script/workspace/loading.lua:100]: Preload file at: file:///home/ljc/.local/share/nvim/lazy/hlchunk.nvim/test/features/chunkHelper_spec.lua , size = 3.969 KB
[14:55:40.397][info] [#0:script/workspace/loading.lua:172]: Loaded files takes [0.089] sec: file:///home/ljc/.local/share/nvim/lazy/hlchunk.nvim
[14:55:40.397][info] [#0:script/workspace/loading.lua:181]: Compile files takes [0.000] sec: file:///home/ljc/.local/share/nvim/lazy/hlchunk.nvim
[14:55:40.397][info] [#0:script/workspace/loading.lua:182]: Loaded finish:	file:///home/ljc/.local/share/nvim/lazy/hlchunk.nvim
[14:55:40.397][info] [#0:script/workspace/workspace.lua:381]: Preload finish at:	file:///home/ljc/.local/share/nvim/lazy/hlchunk.nvim
[14:55:40.408][info] [#0:script/provider/diagnostic.lua:560]: Diagnostics scope [file:///home/ljc/.local/share/nvim/lazy/hlchunk.nvim], files count:[54]
[14:55:41.438][info] [#0:script/provider/diagnostic.lua:577]: Diagnostics scope [file:///home/ljc/.local/share/nvim/lazy/hlchunk.nvim] finished, takes [0.421] sec.
[14:58:30.130][info] [#0:script/workspace/workspace.lua:284]: Scan files at:	file:///home/ljc/.local/share/nvim/lazy/hlchunk.nvim/lua/hlchunk/mods/chunk/init.lua
[14:58:30.131][info] [#0:script/workspace/loading.lua:160]: Load files from disk:	file:///home/ljc/.local/share/nvim/lazy/hlchunk.nvim/lua/hlchunk/mods/chunk/init.lua
[14:58:30.131][info] [#0:script/workspace/loading.lua:88]: Skip loaded file: file:///home/ljc/.local/share/nvim/lazy/hlchunk.nvim/lua/hlchunk/mods/chunk/init.lua
[14:58:30.131][info] [#0:script/workspace/loading.lua:172]: Loaded files takes [0.000] sec: file:///home/ljc/.local/share/nvim/lazy/hlchunk.nvim/lua/hlchunk/mods/chunk/init.lua
[14:58:30.131][info] [#0:script/workspace/loading.lua:181]: Compile files takes [0.000] sec: file:///home/ljc/.local/share/nvim/lazy/hlchunk.nvim/lua/hlchunk/mods/chunk/init.lua
[14:58:30.131][info] [#0:script/workspace/loading.lua:182]: Loaded finish:	file:///home/ljc/.local/share/nvim/lazy/hlchunk.nvim/lua/hlchunk/mods/chunk/init.lua
[14:58:31.155][info] [#0:script/workspace/workspace.lua:284]: Scan files at:	file:///home/ljc/.local/share/nvim/lazy/hlchunk.nvim/lua/hlchunk/mods/chunk/init.lua
[14:58:31.156][info] [#0:script/workspace/loading.lua:160]: Load files from disk:	file:///home/ljc/.local/share/nvim/lazy/hlchunk.nvim/lua/hlchunk/mods/chunk/init.lua
[14:58:31.156][info] [#0:script/workspace/loading.lua:88]: Skip loaded file: file:///home/ljc/.local/share/nvim/lazy/hlchunk.nvim/lua/hlchunk/mods/chunk/init.lua
[14:58:31.156][info] [#0:script/workspace/loading.lua:172]: Loaded files takes [0.000] sec: file:///home/ljc/.local/share/nvim/lazy/hlchunk.nvim/lua/hlchunk/mods/chunk/init.lua
[14:58:31.156][info] [#0:script/workspace/loading.lua:181]: Compile files takes [0.000] sec: file:///home/ljc/.local/share/nvim/lazy/hlchunk.nvim/lua/hlchunk/mods/chunk/init.lua
[14:58:31.156][info] [#0:script/workspace/loading.lua:182]: Loaded finish:	file:///home/ljc/.local/share/nvim/lazy/hlchunk.nvim/lua/hlchunk/mods/chunk/init.lua
[14:58:33.210][info] [#0:script/provider/diagnostic.lua:560]: Diagnostics scope [file:///home/ljc/.local/share/nvim/lazy/hlchunk.nvim], files count:[54]
[14:58:33.953][info] [#0:script/provider/diagnostic.lua:560]: Diagnostics scope [file:///home/ljc/.local/share/nvim/lazy/hlchunk.nvim], files count:[54]
[14:58:34.691][info] [#0:script/provider/diagnostic.lua:577]: Diagnostics scope [file:///home/ljc/.local/share/nvim/lazy/hlchunk.nvim] finished, takes [0.383] sec.
[15:05:36.974][info] [#0:script/service/service.lua:145]: 
========= Medical Examination Report =========
    --------------- Memory ---------------
        Total: 13.863 MB
        # 00 : 13.527 MB
        # 01 : 0.102 MB
        # 02 : 0.053 MB
        # 03 : 0.053 MB
        # 04 : 0.127 MB
    --------------- Coroutine ---------------
        Total:     1
        Running:   0
        Suspended: 0
        Normal:    0
        Dead:      1
    --------------- Cache ---------------
        Total: 1
        Dead:  0
    ---------------  RPC  ---------------
        Holdon:   0
        Waiting:  0
==============================================
[15:10:55.985][warn] [#0:script/pub/report.lua:24]: Load proto error:	Disconnected!
